{"stats":{"suites":9,"tests":45,"passes":27,"pending":0,"failures":0,"start":"2018-06-25T01:03:01.336Z","end":"2018-06-25T01:03:38.469Z","duration":37133,"testsRegistered":45,"passPercent":60,"pendingPercent":0,"other":0,"hasOther":false,"skipped":0,"hasSkipped":false,"passPercentClass":"success","pendingPercentClass":"danger"},"suites":{"title":"","suites":[{"title":"實時更新搜尋結果0 (chrome)","suites":[],"tests":[{"title":"","fullTitle":"","timedOut":false,"duration":0,"speed":"fast","pass":false,"fail":false,"pending":false,"code":"","isRoot":false,"uuid":"f186db3c-33f4-437e-a059-8c7cdc7c2a7a","parentUUID":"95f23829-3313-4125-81fd-a4375e53f986","skipped":false,"isHook":false,"context":"[{\"title\":\"Session Id\",\"value\":\"09b4d85c7386a438d6bcfb5d4e4745d5\"}]","err":{}},{"title":"","fullTitle":"","timedOut":false,"duration":0,"speed":"fast","pass":false,"fail":false,"pending":false,"code":"","isRoot":false,"uuid":"7b51e0b5-4ccf-4bbf-ad9a-f5ae8d5f21fe","parentUUID":"95f23829-3313-4125-81fd-a4375e53f986","skipped":false,"isHook":false,"context":"[{\"title\":\"Session Id\",\"value\":\"09b4d85c7386a438d6bcfb5d4e4745d5\"}]","err":{}},{"title":"想要搜尋的校務功能 \"遺失物品查詢\"","fullTitle":"想要搜尋的校務功能 \"遺失物品查詢\"","timedOut":false,"duration":0,"speed":"fast","pass":true,"fail":false,"pending":false,"code":"","isRoot":false,"uuid":"22ff4098-a83e-48a7-9bbd-acff4416f024","parentUUID":"95f23829-3313-4125-81fd-a4375e53f986","skipped":false,"isHook":false,"context":"[{\"title\":\"Session Id\",\"value\":\"09b4d85c7386a438d6bcfb5d4e4745d5\"}]","state":"passed","err":{}},{"title":"在搜尋列輸入功能標題的隨機一小段","fullTitle":"在搜尋列輸入功能標題的隨機一小段","timedOut":false,"duration":0,"speed":"fast","pass":true,"fail":false,"pending":false,"code":"","isRoot":false,"uuid":"6c1f5159-9b0b-48cf-8f52-23346cdf70ad","parentUUID":"95f23829-3313-4125-81fd-a4375e53f986","skipped":false,"isHook":false,"context":"[{\"title\":\"Session Id\",\"value\":\"09b4d85c7386a438d6bcfb5d4e4745d5\"}]","state":"passed","err":{}},{"title":"出現該功能","fullTitle":"出現該功能","timedOut":false,"duration":0,"speed":"fast","pass":true,"fail":false,"pending":false,"code":"","isRoot":false,"uuid":"ba40bf50-9a0f-4705-af95-98f441325138","parentUUID":"95f23829-3313-4125-81fd-a4375e53f986","skipped":false,"isHook":false,"context":"[{\"title\":\"Session Id\",\"value\":\"09b4d85c7386a438d6bcfb5d4e4745d5\"}]","state":"passed","err":{}}],"pending":[],"root":false,"fullFile":"","file":"","passes":[{"title":"想要搜尋的校務功能 \"遺失物品查詢\"","fullTitle":"想要搜尋的校務功能 \"遺失物品查詢\"","timedOut":false,"duration":0,"speed":"fast","pass":true,"fail":false,"pending":false,"code":"","isRoot":false,"uuid":"22ff4098-a83e-48a7-9bbd-acff4416f024","parentUUID":"95f23829-3313-4125-81fd-a4375e53f986","skipped":false,"isHook":false,"context":"[{\"title\":\"Session Id\",\"value\":\"09b4d85c7386a438d6bcfb5d4e4745d5\"}]","state":"passed","err":{}},{"title":"在搜尋列輸入功能標題的隨機一小段","fullTitle":"在搜尋列輸入功能標題的隨機一小段","timedOut":false,"duration":0,"speed":"fast","pass":true,"fail":false,"pending":false,"code":"","isRoot":false,"uuid":"6c1f5159-9b0b-48cf-8f52-23346cdf70ad","parentUUID":"95f23829-3313-4125-81fd-a4375e53f986","skipped":false,"isHook":false,"context":"[{\"title\":\"Session Id\",\"value\":\"09b4d85c7386a438d6bcfb5d4e4745d5\"}]","state":"passed","err":{}},{"title":"出現該功能","fullTitle":"出現該功能","timedOut":false,"duration":0,"speed":"fast","pass":true,"fail":false,"pending":false,"code":"","isRoot":false,"uuid":"ba40bf50-9a0f-4705-af95-98f441325138","parentUUID":"95f23829-3313-4125-81fd-a4375e53f986","skipped":false,"isHook":false,"context":"[{\"title\":\"Session Id\",\"value\":\"09b4d85c7386a438d6bcfb5d4e4745d5\"}]","state":"passed","err":{}}],"failures":[],"skipped":[],"hasTests":true,"hasSuites":false,"totalTests":5,"totalPasses":3,"totalFailures":0,"totalPending":0,"totalSkipped":0,"hasPasses":true,"hasFailures":false,"hasPending":false,"hasSkipped":false,"duration":10157,"_timeout":0,"uuid":"95f23829-3313-4125-81fd-a4375e53f986","hasBeforeHooks":false,"beforeHooks":[],"hasAfterHooks":false,"afterHooks":[]},{"title":"實時更新搜尋結果1 (chrome)","suites":[],"tests":[{"title":"","fullTitle":"","timedOut":false,"duration":0,"speed":"fast","pass":false,"fail":false,"pending":false,"code":"","isRoot":false,"uuid":"2274abe1-960d-451f-890d-539aeab36318","parentUUID":"3b54867c-4c61-4a1c-af6c-b5f7c51d63dd","skipped":false,"isHook":false,"context":"[{\"title\":\"Session Id\",\"value\":\"09b4d85c7386a438d6bcfb5d4e4745d5\"}]","err":{}},{"title":"","fullTitle":"","timedOut":false,"duration":0,"speed":"fast","pass":false,"fail":false,"pending":false,"code":"","isRoot":false,"uuid":"57328298-c916-4221-bb3e-8d4030fa994d","parentUUID":"3b54867c-4c61-4a1c-af6c-b5f7c51d63dd","skipped":false,"isHook":false,"context":"[{\"title\":\"Session Id\",\"value\":\"09b4d85c7386a438d6bcfb5d4e4745d5\"}]","err":{}},{"title":"想要搜尋的校務功能 \"出國選課申請\"","fullTitle":"想要搜尋的校務功能 \"出國選課申請\"","timedOut":false,"duration":0,"speed":"fast","pass":true,"fail":false,"pending":false,"code":"","isRoot":false,"uuid":"c63adf88-c19d-4f69-9fbf-c39bcbfa0170","parentUUID":"3b54867c-4c61-4a1c-af6c-b5f7c51d63dd","skipped":false,"isHook":false,"context":"[{\"title\":\"Session Id\",\"value\":\"09b4d85c7386a438d6bcfb5d4e4745d5\"}]","state":"passed","err":{}},{"title":"在搜尋列輸入功能標題的隨機一小段","fullTitle":"在搜尋列輸入功能標題的隨機一小段","timedOut":false,"duration":0,"speed":"fast","pass":true,"fail":false,"pending":false,"code":"","isRoot":false,"uuid":"3168dfc7-305a-422c-9cb4-6b226c9c0a87","parentUUID":"3b54867c-4c61-4a1c-af6c-b5f7c51d63dd","skipped":false,"isHook":false,"context":"[{\"title\":\"Session Id\",\"value\":\"09b4d85c7386a438d6bcfb5d4e4745d5\"}]","state":"passed","err":{}},{"title":"出現該功能","fullTitle":"出現該功能","timedOut":false,"duration":0,"speed":"fast","pass":true,"fail":false,"pending":false,"code":"","isRoot":false,"uuid":"1af89b6c-90fa-423d-beb8-60e63e429857","parentUUID":"3b54867c-4c61-4a1c-af6c-b5f7c51d63dd","skipped":false,"isHook":false,"context":"[{\"title\":\"Session Id\",\"value\":\"09b4d85c7386a438d6bcfb5d4e4745d5\"}]","state":"passed","err":{}}],"pending":[],"root":false,"fullFile":"","file":"","passes":[{"title":"想要搜尋的校務功能 \"出國選課申請\"","fullTitle":"想要搜尋的校務功能 \"出國選課申請\"","timedOut":false,"duration":0,"speed":"fast","pass":true,"fail":false,"pending":false,"code":"","isRoot":false,"uuid":"c63adf88-c19d-4f69-9fbf-c39bcbfa0170","parentUUID":"3b54867c-4c61-4a1c-af6c-b5f7c51d63dd","skipped":false,"isHook":false,"context":"[{\"title\":\"Session Id\",\"value\":\"09b4d85c7386a438d6bcfb5d4e4745d5\"}]","state":"passed","err":{}},{"title":"在搜尋列輸入功能標題的隨機一小段","fullTitle":"在搜尋列輸入功能標題的隨機一小段","timedOut":false,"duration":0,"speed":"fast","pass":true,"fail":false,"pending":false,"code":"","isRoot":false,"uuid":"3168dfc7-305a-422c-9cb4-6b226c9c0a87","parentUUID":"3b54867c-4c61-4a1c-af6c-b5f7c51d63dd","skipped":false,"isHook":false,"context":"[{\"title\":\"Session Id\",\"value\":\"09b4d85c7386a438d6bcfb5d4e4745d5\"}]","state":"passed","err":{}},{"title":"出現該功能","fullTitle":"出現該功能","timedOut":false,"duration":0,"speed":"fast","pass":true,"fail":false,"pending":false,"code":"","isRoot":false,"uuid":"1af89b6c-90fa-423d-beb8-60e63e429857","parentUUID":"3b54867c-4c61-4a1c-af6c-b5f7c51d63dd","skipped":false,"isHook":false,"context":"[{\"title\":\"Session Id\",\"value\":\"09b4d85c7386a438d6bcfb5d4e4745d5\"}]","state":"passed","err":{}}],"failures":[],"skipped":[],"hasTests":true,"hasSuites":false,"totalTests":5,"totalPasses":3,"totalFailures":0,"totalPending":0,"totalSkipped":0,"hasPasses":true,"hasFailures":false,"hasPending":false,"hasSkipped":false,"duration":14771,"_timeout":0,"uuid":"3b54867c-4c61-4a1c-af6c-b5f7c51d63dd","hasBeforeHooks":false,"beforeHooks":[],"hasAfterHooks":false,"afterHooks":[]},{"title":"實時更新搜尋結果2 (chrome)","suites":[],"tests":[{"title":"","fullTitle":"","timedOut":false,"duration":0,"speed":"fast","pass":false,"fail":false,"pending":false,"code":"","isRoot":false,"uuid":"c215d60a-d6f4-43fb-9633-f5076758b160","parentUUID":"18dbc653-30c6-4719-a6a6-05941de93518","skipped":false,"isHook":false,"context":"[{\"title\":\"Session Id\",\"value\":\"09b4d85c7386a438d6bcfb5d4e4745d5\"}]","err":{}},{"title":"","fullTitle":"","timedOut":false,"duration":0,"speed":"fast","pass":false,"fail":false,"pending":false,"code":"","isRoot":false,"uuid":"da8f16a0-f7dc-486f-ba58-3e9ba301c8ff","parentUUID":"18dbc653-30c6-4719-a6a6-05941de93518","skipped":false,"isHook":false,"context":"[{\"title\":\"Session Id\",\"value\":\"09b4d85c7386a438d6bcfb5d4e4745d5\"}]","err":{}},{"title":"想要搜尋的校務功能 \"社團/系級幹部\"","fullTitle":"想要搜尋的校務功能 \"社團/系級幹部\"","timedOut":false,"duration":0,"speed":"fast","pass":true,"fail":false,"pending":false,"code":"","isRoot":false,"uuid":"e8c2b320-be2b-4ce5-b26c-ebd654d26bca","parentUUID":"18dbc653-30c6-4719-a6a6-05941de93518","skipped":false,"isHook":false,"context":"[{\"title\":\"Session Id\",\"value\":\"09b4d85c7386a438d6bcfb5d4e4745d5\"}]","state":"passed","err":{}},{"title":"在搜尋列輸入功能標題的隨機一小段","fullTitle":"在搜尋列輸入功能標題的隨機一小段","timedOut":false,"duration":0,"speed":"fast","pass":true,"fail":false,"pending":false,"code":"","isRoot":false,"uuid":"707a744d-fd2c-4e8b-b936-02a3edf42f2c","parentUUID":"18dbc653-30c6-4719-a6a6-05941de93518","skipped":false,"isHook":false,"context":"[{\"title\":\"Session Id\",\"value\":\"09b4d85c7386a438d6bcfb5d4e4745d5\"}]","state":"passed","err":{}},{"title":"出現該功能","fullTitle":"出現該功能","timedOut":false,"duration":0,"speed":"fast","pass":true,"fail":false,"pending":false,"code":"","isRoot":false,"uuid":"4aa5ea47-553e-414c-80a4-6961fc162042","parentUUID":"18dbc653-30c6-4719-a6a6-05941de93518","skipped":false,"isHook":false,"context":"[{\"title\":\"Session Id\",\"value\":\"09b4d85c7386a438d6bcfb5d4e4745d5\"}]","state":"passed","err":{}}],"pending":[],"root":false,"fullFile":"","file":"","passes":[{"title":"想要搜尋的校務功能 \"社團/系級幹部\"","fullTitle":"想要搜尋的校務功能 \"社團/系級幹部\"","timedOut":false,"duration":0,"speed":"fast","pass":true,"fail":false,"pending":false,"code":"","isRoot":false,"uuid":"e8c2b320-be2b-4ce5-b26c-ebd654d26bca","parentUUID":"18dbc653-30c6-4719-a6a6-05941de93518","skipped":false,"isHook":false,"context":"[{\"title\":\"Session Id\",\"value\":\"09b4d85c7386a438d6bcfb5d4e4745d5\"}]","state":"passed","err":{}},{"title":"在搜尋列輸入功能標題的隨機一小段","fullTitle":"在搜尋列輸入功能標題的隨機一小段","timedOut":false,"duration":0,"speed":"fast","pass":true,"fail":false,"pending":false,"code":"","isRoot":false,"uuid":"707a744d-fd2c-4e8b-b936-02a3edf42f2c","parentUUID":"18dbc653-30c6-4719-a6a6-05941de93518","skipped":false,"isHook":false,"context":"[{\"title\":\"Session Id\",\"value\":\"09b4d85c7386a438d6bcfb5d4e4745d5\"}]","state":"passed","err":{}},{"title":"出現該功能","fullTitle":"出現該功能","timedOut":false,"duration":0,"speed":"fast","pass":true,"fail":false,"pending":false,"code":"","isRoot":false,"uuid":"4aa5ea47-553e-414c-80a4-6961fc162042","parentUUID":"18dbc653-30c6-4719-a6a6-05941de93518","skipped":false,"isHook":false,"context":"[{\"title\":\"Session Id\",\"value\":\"09b4d85c7386a438d6bcfb5d4e4745d5\"}]","state":"passed","err":{}}],"failures":[],"skipped":[],"hasTests":true,"hasSuites":false,"totalTests":5,"totalPasses":3,"totalFailures":0,"totalPending":0,"totalSkipped":0,"hasPasses":true,"hasFailures":false,"hasPending":false,"hasSkipped":false,"duration":20291,"_timeout":0,"uuid":"18dbc653-30c6-4719-a6a6-05941de93518","hasBeforeHooks":false,"beforeHooks":[],"hasAfterHooks":false,"afterHooks":[]},{"title":"以分類尋找 (chrome)","suites":[],"tests":[{"title":"","fullTitle":"","timedOut":false,"duration":0,"speed":"fast","pass":false,"fail":false,"pending":false,"code":"","isRoot":false,"uuid":"910db473-7d2d-42f0-adc9-38f4afeaf156","parentUUID":"1e78c897-29f7-42ed-896f-a316575b0a51","skipped":false,"isHook":false,"context":"[{\"title\":\"Session Id\",\"value\":\"f6a9f95caa74d6ece63558bbb3474acb\"}]","err":{}},{"title":"","fullTitle":"","timedOut":false,"duration":0,"speed":"fast","pass":false,"fail":false,"pending":false,"code":"","isRoot":false,"uuid":"19f6a025-3cac-4f7d-af54-087c31caa91d","parentUUID":"1e78c897-29f7-42ed-896f-a316575b0a51","skipped":false,"isHook":false,"context":"[{\"title\":\"Session Id\",\"value\":\"f6a9f95caa74d6ece63558bbb3474acb\"}]","err":{}},{"title":"一個分類\"個人\" 和其底下一個功能 \"重要會議查詢\"","fullTitle":"一個分類\"個人\" 和其底下一個功能 \"重要會議查詢\"","timedOut":false,"duration":0,"speed":"fast","pass":true,"fail":false,"pending":false,"code":"","isRoot":false,"uuid":"8cdeda3e-8832-4df2-8712-9d396cfa2519","parentUUID":"1e78c897-29f7-42ed-896f-a316575b0a51","skipped":false,"isHook":false,"context":"[{\"title\":\"Session Id\",\"value\":\"f6a9f95caa74d6ece63558bbb3474acb\"}]","state":"passed","err":{}},{"title":"點擊\"個人\"","fullTitle":"點擊\"個人\"","timedOut":false,"duration":0,"speed":"fast","pass":true,"fail":false,"pending":false,"code":"","isRoot":false,"uuid":"7c0a53ad-620d-42ba-beea-2f0478686bd2","parentUUID":"1e78c897-29f7-42ed-896f-a316575b0a51","skipped":false,"isHook":false,"context":"[{\"title\":\"Session Id\",\"value\":\"f6a9f95caa74d6ece63558bbb3474acb\"}]","state":"passed","err":{}},{"title":"看到可以進去的 \"重要會議查詢\"","fullTitle":"看到可以進去的 \"重要會議查詢\"","timedOut":false,"duration":0,"speed":"fast","pass":true,"fail":false,"pending":false,"code":"","isRoot":false,"uuid":"073d55fd-0f59-45af-b1af-310fa51e144d","parentUUID":"1e78c897-29f7-42ed-896f-a316575b0a51","skipped":false,"isHook":false,"context":"[{\"title\":\"Session Id\",\"value\":\"f6a9f95caa74d6ece63558bbb3474acb\"}]","state":"passed","err":{}}],"pending":[],"root":false,"fullFile":"","file":"","passes":[{"title":"一個分類\"個人\" 和其底下一個功能 \"重要會議查詢\"","fullTitle":"一個分類\"個人\" 和其底下一個功能 \"重要會議查詢\"","timedOut":false,"duration":0,"speed":"fast","pass":true,"fail":false,"pending":false,"code":"","isRoot":false,"uuid":"8cdeda3e-8832-4df2-8712-9d396cfa2519","parentUUID":"1e78c897-29f7-42ed-896f-a316575b0a51","skipped":false,"isHook":false,"context":"[{\"title\":\"Session Id\",\"value\":\"f6a9f95caa74d6ece63558bbb3474acb\"}]","state":"passed","err":{}},{"title":"點擊\"個人\"","fullTitle":"點擊\"個人\"","timedOut":false,"duration":0,"speed":"fast","pass":true,"fail":false,"pending":false,"code":"","isRoot":false,"uuid":"7c0a53ad-620d-42ba-beea-2f0478686bd2","parentUUID":"1e78c897-29f7-42ed-896f-a316575b0a51","skipped":false,"isHook":false,"context":"[{\"title\":\"Session Id\",\"value\":\"f6a9f95caa74d6ece63558bbb3474acb\"}]","state":"passed","err":{}},{"title":"看到可以進去的 \"重要會議查詢\"","fullTitle":"看到可以進去的 \"重要會議查詢\"","timedOut":false,"duration":0,"speed":"fast","pass":true,"fail":false,"pending":false,"code":"","isRoot":false,"uuid":"073d55fd-0f59-45af-b1af-310fa51e144d","parentUUID":"1e78c897-29f7-42ed-896f-a316575b0a51","skipped":false,"isHook":false,"context":"[{\"title\":\"Session Id\",\"value\":\"f6a9f95caa74d6ece63558bbb3474acb\"}]","state":"passed","err":{}}],"failures":[],"skipped":[],"hasTests":true,"hasSuites":false,"totalTests":5,"totalPasses":3,"totalFailures":0,"totalPending":0,"totalSkipped":0,"hasPasses":true,"hasFailures":false,"hasPending":false,"hasSkipped":false,"duration":9368,"_timeout":0,"uuid":"1e78c897-29f7-42ed-896f-a316575b0a51","hasBeforeHooks":false,"beforeHooks":[],"hasAfterHooks":false,"afterHooks":[]},{"title":"以分類尋找 (chrome)","suites":[],"tests":[{"title":"","fullTitle":"","timedOut":false,"duration":0,"speed":"fast","pass":false,"fail":false,"pending":false,"code":"","isRoot":false,"uuid":"dcbf25f6-3f93-44c4-a70b-1cdababb42f5","parentUUID":"fcf51de5-4e28-427b-b6ec-438a73bb8cb3","skipped":false,"isHook":false,"context":"[{\"title\":\"Session Id\",\"value\":\"f6a9f95caa74d6ece63558bbb3474acb\"}]","err":{}},{"title":"","fullTitle":"","timedOut":false,"duration":0,"speed":"fast","pass":false,"fail":false,"pending":false,"code":"","isRoot":false,"uuid":"59ae5bfe-547d-4820-a32c-d0f9295e8dc2","parentUUID":"fcf51de5-4e28-427b-b6ec-438a73bb8cb3","skipped":false,"isHook":false,"context":"[{\"title\":\"Session Id\",\"value\":\"f6a9f95caa74d6ece63558bbb3474acb\"}]","err":{}},{"title":"一個分類\"財務\" 和其底下一個功能 \"學雜費減免申請\"","fullTitle":"一個分類\"財務\" 和其底下一個功能 \"學雜費減免申請\"","timedOut":false,"duration":0,"speed":"fast","pass":true,"fail":false,"pending":false,"code":"","isRoot":false,"uuid":"9811f812-a1fe-434f-84e8-6198a63b5e5d","parentUUID":"fcf51de5-4e28-427b-b6ec-438a73bb8cb3","skipped":false,"isHook":false,"context":"[{\"title\":\"Session Id\",\"value\":\"f6a9f95caa74d6ece63558bbb3474acb\"}]","state":"passed","err":{}},{"title":"點擊\"財務\"","fullTitle":"點擊\"財務\"","timedOut":false,"duration":0,"speed":"fast","pass":true,"fail":false,"pending":false,"code":"","isRoot":false,"uuid":"2c53d80a-8216-41a9-8d2c-ae9cf04bfa02","parentUUID":"fcf51de5-4e28-427b-b6ec-438a73bb8cb3","skipped":false,"isHook":false,"context":"[{\"title\":\"Session Id\",\"value\":\"f6a9f95caa74d6ece63558bbb3474acb\"}]","state":"passed","err":{}},{"title":"看到可以進去的 \"學雜費減免申請\"","fullTitle":"看到可以進去的 \"學雜費減免申請\"","timedOut":false,"duration":0,"speed":"fast","pass":true,"fail":false,"pending":false,"code":"","isRoot":false,"uuid":"d3ede2a6-f6b5-4e8a-8b63-336e3d12a2e9","parentUUID":"fcf51de5-4e28-427b-b6ec-438a73bb8cb3","skipped":false,"isHook":false,"context":"[{\"title\":\"Session Id\",\"value\":\"f6a9f95caa74d6ece63558bbb3474acb\"}]","state":"passed","err":{}}],"pending":[],"root":false,"fullFile":"","file":"","passes":[{"title":"一個分類\"財務\" 和其底下一個功能 \"學雜費減免申請\"","fullTitle":"一個分類\"財務\" 和其底下一個功能 \"學雜費減免申請\"","timedOut":false,"duration":0,"speed":"fast","pass":true,"fail":false,"pending":false,"code":"","isRoot":false,"uuid":"9811f812-a1fe-434f-84e8-6198a63b5e5d","parentUUID":"fcf51de5-4e28-427b-b6ec-438a73bb8cb3","skipped":false,"isHook":false,"context":"[{\"title\":\"Session Id\",\"value\":\"f6a9f95caa74d6ece63558bbb3474acb\"}]","state":"passed","err":{}},{"title":"點擊\"財務\"","fullTitle":"點擊\"財務\"","timedOut":false,"duration":0,"speed":"fast","pass":true,"fail":false,"pending":false,"code":"","isRoot":false,"uuid":"2c53d80a-8216-41a9-8d2c-ae9cf04bfa02","parentUUID":"fcf51de5-4e28-427b-b6ec-438a73bb8cb3","skipped":false,"isHook":false,"context":"[{\"title\":\"Session Id\",\"value\":\"f6a9f95caa74d6ece63558bbb3474acb\"}]","state":"passed","err":{}},{"title":"看到可以進去的 \"學雜費減免申請\"","fullTitle":"看到可以進去的 \"學雜費減免申請\"","timedOut":false,"duration":0,"speed":"fast","pass":true,"fail":false,"pending":false,"code":"","isRoot":false,"uuid":"d3ede2a6-f6b5-4e8a-8b63-336e3d12a2e9","parentUUID":"fcf51de5-4e28-427b-b6ec-438a73bb8cb3","skipped":false,"isHook":false,"context":"[{\"title\":\"Session Id\",\"value\":\"f6a9f95caa74d6ece63558bbb3474acb\"}]","state":"passed","err":{}}],"failures":[],"skipped":[],"hasTests":true,"hasSuites":false,"totalTests":5,"totalPasses":3,"totalFailures":0,"totalPending":0,"totalSkipped":0,"hasPasses":true,"hasFailures":false,"hasPending":false,"hasSkipped":false,"duration":13350,"_timeout":0,"uuid":"fcf51de5-4e28-427b-b6ec-438a73bb8cb3","hasBeforeHooks":false,"beforeHooks":[],"hasAfterHooks":false,"afterHooks":[]},{"title":"以分類尋找 (chrome)","suites":[],"tests":[{"title":"","fullTitle":"","timedOut":false,"duration":0,"speed":"fast","pass":false,"fail":false,"pending":false,"code":"","isRoot":false,"uuid":"ca83e776-79ca-45bf-bf98-6ab035200801","parentUUID":"d8f7615a-9b12-4395-9e14-c2f6af2611db","skipped":false,"isHook":false,"context":"[{\"title\":\"Session Id\",\"value\":\"f6a9f95caa74d6ece63558bbb3474acb\"}]","err":{}},{"title":"","fullTitle":"","timedOut":false,"duration":0,"speed":"fast","pass":false,"fail":false,"pending":false,"code":"","isRoot":false,"uuid":"a0647b89-197b-4274-b8b7-f369c96eabf2","parentUUID":"d8f7615a-9b12-4395-9e14-c2f6af2611db","skipped":false,"isHook":false,"context":"[{\"title\":\"Session Id\",\"value\":\"f6a9f95caa74d6ece63558bbb3474acb\"}]","err":{}},{"title":"一個分類\"學務\" 和其底下一個功能 \"超減修習學分數申請\"","fullTitle":"一個分類\"學務\" 和其底下一個功能 \"超減修習學分數申請\"","timedOut":false,"duration":0,"speed":"fast","pass":true,"fail":false,"pending":false,"code":"","isRoot":false,"uuid":"bb58cc01-c0d6-4dac-9137-b6c0ec95cec3","parentUUID":"d8f7615a-9b12-4395-9e14-c2f6af2611db","skipped":false,"isHook":false,"context":"[{\"title\":\"Session Id\",\"value\":\"f6a9f95caa74d6ece63558bbb3474acb\"}]","state":"passed","err":{}},{"title":"點擊\"學務\"","fullTitle":"點擊\"學務\"","timedOut":false,"duration":0,"speed":"fast","pass":true,"fail":false,"pending":false,"code":"","isRoot":false,"uuid":"3b3440c5-c8e6-4e39-918e-eaa5e85be13c","parentUUID":"d8f7615a-9b12-4395-9e14-c2f6af2611db","skipped":false,"isHook":false,"context":"[{\"title\":\"Session Id\",\"value\":\"f6a9f95caa74d6ece63558bbb3474acb\"}]","state":"passed","err":{}},{"title":"看到可以進去的 \"超減修習學分數申請\"","fullTitle":"看到可以進去的 \"超減修習學分數申請\"","timedOut":false,"duration":0,"speed":"fast","pass":true,"fail":false,"pending":false,"code":"","isRoot":false,"uuid":"d5e599c0-c20f-49d1-b97e-aa29f5d3d858","parentUUID":"d8f7615a-9b12-4395-9e14-c2f6af2611db","skipped":false,"isHook":false,"context":"[{\"title\":\"Session Id\",\"value\":\"f6a9f95caa74d6ece63558bbb3474acb\"}]","state":"passed","err":{}}],"pending":[],"root":false,"fullFile":"","file":"","passes":[{"title":"一個分類\"學務\" 和其底下一個功能 \"超減修習學分數申請\"","fullTitle":"一個分類\"學務\" 和其底下一個功能 \"超減修習學分數申請\"","timedOut":false,"duration":0,"speed":"fast","pass":true,"fail":false,"pending":false,"code":"","isRoot":false,"uuid":"bb58cc01-c0d6-4dac-9137-b6c0ec95cec3","parentUUID":"d8f7615a-9b12-4395-9e14-c2f6af2611db","skipped":false,"isHook":false,"context":"[{\"title\":\"Session Id\",\"value\":\"f6a9f95caa74d6ece63558bbb3474acb\"}]","state":"passed","err":{}},{"title":"點擊\"學務\"","fullTitle":"點擊\"學務\"","timedOut":false,"duration":0,"speed":"fast","pass":true,"fail":false,"pending":false,"code":"","isRoot":false,"uuid":"3b3440c5-c8e6-4e39-918e-eaa5e85be13c","parentUUID":"d8f7615a-9b12-4395-9e14-c2f6af2611db","skipped":false,"isHook":false,"context":"[{\"title\":\"Session Id\",\"value\":\"f6a9f95caa74d6ece63558bbb3474acb\"}]","state":"passed","err":{}},{"title":"看到可以進去的 \"超減修習學分數申請\"","fullTitle":"看到可以進去的 \"超減修習學分數申請\"","timedOut":false,"duration":0,"speed":"fast","pass":true,"fail":false,"pending":false,"code":"","isRoot":false,"uuid":"d5e599c0-c20f-49d1-b97e-aa29f5d3d858","parentUUID":"d8f7615a-9b12-4395-9e14-c2f6af2611db","skipped":false,"isHook":false,"context":"[{\"title\":\"Session Id\",\"value\":\"f6a9f95caa74d6ece63558bbb3474acb\"}]","state":"passed","err":{}}],"failures":[],"skipped":[],"hasTests":true,"hasSuites":false,"totalTests":5,"totalPasses":3,"totalFailures":0,"totalPending":0,"totalSkipped":0,"hasPasses":true,"hasFailures":false,"hasPending":false,"hasSkipped":false,"duration":18146,"_timeout":0,"uuid":"d8f7615a-9b12-4395-9e14-c2f6af2611db","hasBeforeHooks":false,"beforeHooks":[],"hasAfterHooks":false,"afterHooks":[]},{"title":"以分類尋找 (chrome)","suites":[],"tests":[{"title":"","fullTitle":"","timedOut":false,"duration":0,"speed":"fast","pass":false,"fail":false,"pending":false,"code":"","isRoot":false,"uuid":"2d25a560-f671-4b90-9503-706dc4943575","parentUUID":"0d377323-a2b3-4235-b621-a1399f1a5bc9","skipped":false,"isHook":false,"context":"[{\"title\":\"Session Id\",\"value\":\"f6a9f95caa74d6ece63558bbb3474acb\"}]","err":{}},{"title":"","fullTitle":"","timedOut":false,"duration":0,"speed":"fast","pass":false,"fail":false,"pending":false,"code":"","isRoot":false,"uuid":"fce36ff8-9fd2-414a-ad92-0b5e58464104","parentUUID":"0d377323-a2b3-4235-b621-a1399f1a5bc9","skipped":false,"isHook":false,"context":"[{\"title\":\"Session Id\",\"value\":\"f6a9f95caa74d6ece63558bbb3474acb\"}]","err":{}},{"title":"一個分類\"住宿\" 和其底下一個功能 \"宿舍請修\"","fullTitle":"一個分類\"住宿\" 和其底下一個功能 \"宿舍請修\"","timedOut":false,"duration":0,"speed":"fast","pass":true,"fail":false,"pending":false,"code":"","isRoot":false,"uuid":"68e55daf-e08b-42b6-a834-87df224ff83f","parentUUID":"0d377323-a2b3-4235-b621-a1399f1a5bc9","skipped":false,"isHook":false,"context":"[{\"title\":\"Session Id\",\"value\":\"f6a9f95caa74d6ece63558bbb3474acb\"}]","state":"passed","err":{}},{"title":"點擊\"住宿\"","fullTitle":"點擊\"住宿\"","timedOut":false,"duration":0,"speed":"fast","pass":true,"fail":false,"pending":false,"code":"","isRoot":false,"uuid":"9610d304-7c17-478c-b8d4-9ae5f6c6435c","parentUUID":"0d377323-a2b3-4235-b621-a1399f1a5bc9","skipped":false,"isHook":false,"context":"[{\"title\":\"Session Id\",\"value\":\"f6a9f95caa74d6ece63558bbb3474acb\"}]","state":"passed","err":{}},{"title":"看到可以進去的 \"宿舍請修\"","fullTitle":"看到可以進去的 \"宿舍請修\"","timedOut":false,"duration":0,"speed":"fast","pass":true,"fail":false,"pending":false,"code":"","isRoot":false,"uuid":"b6c7cfdf-aadb-4299-89a8-13027a9b5e30","parentUUID":"0d377323-a2b3-4235-b621-a1399f1a5bc9","skipped":false,"isHook":false,"context":"[{\"title\":\"Session Id\",\"value\":\"f6a9f95caa74d6ece63558bbb3474acb\"}]","state":"passed","err":{}}],"pending":[],"root":false,"fullFile":"","file":"","passes":[{"title":"一個分類\"住宿\" 和其底下一個功能 \"宿舍請修\"","fullTitle":"一個分類\"住宿\" 和其底下一個功能 \"宿舍請修\"","timedOut":false,"duration":0,"speed":"fast","pass":true,"fail":false,"pending":false,"code":"","isRoot":false,"uuid":"68e55daf-e08b-42b6-a834-87df224ff83f","parentUUID":"0d377323-a2b3-4235-b621-a1399f1a5bc9","skipped":false,"isHook":false,"context":"[{\"title\":\"Session Id\",\"value\":\"f6a9f95caa74d6ece63558bbb3474acb\"}]","state":"passed","err":{}},{"title":"點擊\"住宿\"","fullTitle":"點擊\"住宿\"","timedOut":false,"duration":0,"speed":"fast","pass":true,"fail":false,"pending":false,"code":"","isRoot":false,"uuid":"9610d304-7c17-478c-b8d4-9ae5f6c6435c","parentUUID":"0d377323-a2b3-4235-b621-a1399f1a5bc9","skipped":false,"isHook":false,"context":"[{\"title\":\"Session Id\",\"value\":\"f6a9f95caa74d6ece63558bbb3474acb\"}]","state":"passed","err":{}},{"title":"看到可以進去的 \"宿舍請修\"","fullTitle":"看到可以進去的 \"宿舍請修\"","timedOut":false,"duration":0,"speed":"fast","pass":true,"fail":false,"pending":false,"code":"","isRoot":false,"uuid":"b6c7cfdf-aadb-4299-89a8-13027a9b5e30","parentUUID":"0d377323-a2b3-4235-b621-a1399f1a5bc9","skipped":false,"isHook":false,"context":"[{\"title\":\"Session Id\",\"value\":\"f6a9f95caa74d6ece63558bbb3474acb\"}]","state":"passed","err":{}}],"failures":[],"skipped":[],"hasTests":true,"hasSuites":false,"totalTests":5,"totalPasses":3,"totalFailures":0,"totalPending":0,"totalSkipped":0,"hasPasses":true,"hasFailures":false,"hasPending":false,"hasSkipped":false,"duration":22301,"_timeout":0,"uuid":"0d377323-a2b3-4235-b621-a1399f1a5bc9","hasBeforeHooks":false,"beforeHooks":[],"hasAfterHooks":false,"afterHooks":[]},{"title":"以分類尋找 (chrome)","suites":[],"tests":[{"title":"","fullTitle":"","timedOut":false,"duration":0,"speed":"fast","pass":false,"fail":false,"pending":false,"code":"","isRoot":false,"uuid":"3775c36a-d1ae-4071-826d-1bbeb18bf0d9","parentUUID":"daa2c948-e6f5-4f35-b214-0112b095622c","skipped":false,"isHook":false,"context":"[{\"title\":\"Session Id\",\"value\":\"f6a9f95caa74d6ece63558bbb3474acb\"}]","err":{}},{"title":"","fullTitle":"","timedOut":false,"duration":0,"speed":"fast","pass":false,"fail":false,"pending":false,"code":"","isRoot":false,"uuid":"7923338a-ca82-44aa-987e-6274dc97377f","parentUUID":"daa2c948-e6f5-4f35-b214-0112b095622c","skipped":false,"isHook":false,"context":"[{\"title\":\"Session Id\",\"value\":\"f6a9f95caa74d6ece63558bbb3474acb\"}]","err":{}},{"title":"一個分類\"辦活動\" 和其底下一個功能 \"團體活動緊急通聯登錄\"","fullTitle":"一個分類\"辦活動\" 和其底下一個功能 \"團體活動緊急通聯登錄\"","timedOut":false,"duration":0,"speed":"fast","pass":true,"fail":false,"pending":false,"code":"","isRoot":false,"uuid":"5dba6f5b-2e72-4034-bd10-1aeeb46f520e","parentUUID":"daa2c948-e6f5-4f35-b214-0112b095622c","skipped":false,"isHook":false,"context":"[{\"title\":\"Session Id\",\"value\":\"f6a9f95caa74d6ece63558bbb3474acb\"}]","state":"passed","err":{}},{"title":"點擊\"辦活動\"","fullTitle":"點擊\"辦活動\"","timedOut":false,"duration":0,"speed":"fast","pass":true,"fail":false,"pending":false,"code":"","isRoot":false,"uuid":"7088d783-0e34-447a-ae9d-9e62f03f1203","parentUUID":"daa2c948-e6f5-4f35-b214-0112b095622c","skipped":false,"isHook":false,"context":"[{\"title\":\"Session Id\",\"value\":\"f6a9f95caa74d6ece63558bbb3474acb\"}]","state":"passed","err":{}},{"title":"看到可以進去的 \"團體活動緊急通聯登錄\"","fullTitle":"看到可以進去的 \"團體活動緊急通聯登錄\"","timedOut":false,"duration":0,"speed":"fast","pass":true,"fail":false,"pending":false,"code":"","isRoot":false,"uuid":"1be8f015-9e0b-42f2-b09f-dcd6d29a60e5","parentUUID":"daa2c948-e6f5-4f35-b214-0112b095622c","skipped":false,"isHook":false,"context":"[{\"title\":\"Session Id\",\"value\":\"f6a9f95caa74d6ece63558bbb3474acb\"}]","state":"passed","err":{}}],"pending":[],"root":false,"fullFile":"","file":"","passes":[{"title":"一個分類\"辦活動\" 和其底下一個功能 \"團體活動緊急通聯登錄\"","fullTitle":"一個分類\"辦活動\" 和其底下一個功能 \"團體活動緊急通聯登錄\"","timedOut":false,"duration":0,"speed":"fast","pass":true,"fail":false,"pending":false,"code":"","isRoot":false,"uuid":"5dba6f5b-2e72-4034-bd10-1aeeb46f520e","parentUUID":"daa2c948-e6f5-4f35-b214-0112b095622c","skipped":false,"isHook":false,"context":"[{\"title\":\"Session Id\",\"value\":\"f6a9f95caa74d6ece63558bbb3474acb\"}]","state":"passed","err":{}},{"title":"點擊\"辦活動\"","fullTitle":"點擊\"辦活動\"","timedOut":false,"duration":0,"speed":"fast","pass":true,"fail":false,"pending":false,"code":"","isRoot":false,"uuid":"7088d783-0e34-447a-ae9d-9e62f03f1203","parentUUID":"daa2c948-e6f5-4f35-b214-0112b095622c","skipped":false,"isHook":false,"context":"[{\"title\":\"Session Id\",\"value\":\"f6a9f95caa74d6ece63558bbb3474acb\"}]","state":"passed","err":{}},{"title":"看到可以進去的 \"團體活動緊急通聯登錄\"","fullTitle":"看到可以進去的 \"團體活動緊急通聯登錄\"","timedOut":false,"duration":0,"speed":"fast","pass":true,"fail":false,"pending":false,"code":"","isRoot":false,"uuid":"1be8f015-9e0b-42f2-b09f-dcd6d29a60e5","parentUUID":"daa2c948-e6f5-4f35-b214-0112b095622c","skipped":false,"isHook":false,"context":"[{\"title\":\"Session Id\",\"value\":\"f6a9f95caa74d6ece63558bbb3474acb\"}]","state":"passed","err":{}}],"failures":[],"skipped":[],"hasTests":true,"hasSuites":false,"totalTests":5,"totalPasses":3,"totalFailures":0,"totalPending":0,"totalSkipped":0,"hasPasses":true,"hasFailures":false,"hasPending":false,"hasSkipped":false,"duration":27744,"_timeout":0,"uuid":"daa2c948-e6f5-4f35-b214-0112b095622c","hasBeforeHooks":false,"beforeHooks":[],"hasAfterHooks":false,"afterHooks":[]},{"title":"以分類尋找 (chrome)","suites":[],"tests":[{"title":"","fullTitle":"","timedOut":false,"duration":0,"speed":"fast","pass":false,"fail":false,"pending":false,"code":"","isRoot":false,"uuid":"f804f785-eb93-4b32-95d8-45c5cac176e9","parentUUID":"50eb16da-8f90-483a-a589-1b6958de0aaa","skipped":false,"isHook":false,"context":"[{\"title\":\"Session Id\",\"value\":\"f6a9f95caa74d6ece63558bbb3474acb\"}]","err":{}},{"title":"","fullTitle":"","timedOut":false,"duration":0,"speed":"fast","pass":false,"fail":false,"pending":false,"code":"","isRoot":false,"uuid":"75bd9348-dbb4-49d1-9f2e-dba7bd772afc","parentUUID":"50eb16da-8f90-483a-a589-1b6958de0aaa","skipped":false,"isHook":false,"context":"[{\"title\":\"Session Id\",\"value\":\"f6a9f95caa74d6ece63558bbb3474acb\"}]","err":{}},{"title":"一個分類\"問卷\" 和其底下一個功能 \"表單服務系統\"","fullTitle":"一個分類\"問卷\" 和其底下一個功能 \"表單服務系統\"","timedOut":false,"duration":0,"speed":"fast","pass":true,"fail":false,"pending":false,"code":"","isRoot":false,"uuid":"88e8ab4e-97e6-489a-833d-d2a5038c7e5c","parentUUID":"50eb16da-8f90-483a-a589-1b6958de0aaa","skipped":false,"isHook":false,"context":"[{\"title\":\"Session Id\",\"value\":\"f6a9f95caa74d6ece63558bbb3474acb\"}]","state":"passed","err":{}},{"title":"點擊\"問卷\"","fullTitle":"點擊\"問卷\"","timedOut":false,"duration":0,"speed":"fast","pass":true,"fail":false,"pending":false,"code":"","isRoot":false,"uuid":"5b786b33-3663-4cb4-9eb0-5b224936177b","parentUUID":"50eb16da-8f90-483a-a589-1b6958de0aaa","skipped":false,"isHook":false,"context":"[{\"title\":\"Session Id\",\"value\":\"f6a9f95caa74d6ece63558bbb3474acb\"}]","state":"passed","err":{}},{"title":"看到可以進去的 \"表單服務系統\"","fullTitle":"看到可以進去的 \"表單服務系統\"","timedOut":false,"duration":0,"speed":"fast","pass":true,"fail":false,"pending":false,"code":"","isRoot":false,"uuid":"a156d816-3a32-4003-89bb-531ea88ecf85","parentUUID":"50eb16da-8f90-483a-a589-1b6958de0aaa","skipped":false,"isHook":false,"context":"[{\"title\":\"Session Id\",\"value\":\"f6a9f95caa74d6ece63558bbb3474acb\"}]","state":"passed","err":{}}],"pending":[],"root":false,"fullFile":"","file":"","passes":[{"title":"一個分類\"問卷\" 和其底下一個功能 \"表單服務系統\"","fullTitle":"一個分類\"問卷\" 和其底下一個功能 \"表單服務系統\"","timedOut":false,"duration":0,"speed":"fast","pass":true,"fail":false,"pending":false,"code":"","isRoot":false,"uuid":"88e8ab4e-97e6-489a-833d-d2a5038c7e5c","parentUUID":"50eb16da-8f90-483a-a589-1b6958de0aaa","skipped":false,"isHook":false,"context":"[{\"title\":\"Session Id\",\"value\":\"f6a9f95caa74d6ece63558bbb3474acb\"}]","state":"passed","err":{}},{"title":"點擊\"問卷\"","fullTitle":"點擊\"問卷\"","timedOut":false,"duration":0,"speed":"fast","pass":true,"fail":false,"pending":false,"code":"","isRoot":false,"uuid":"5b786b33-3663-4cb4-9eb0-5b224936177b","parentUUID":"50eb16da-8f90-483a-a589-1b6958de0aaa","skipped":false,"isHook":false,"context":"[{\"title\":\"Session Id\",\"value\":\"f6a9f95caa74d6ece63558bbb3474acb\"}]","state":"passed","err":{}},{"title":"看到可以進去的 \"表單服務系統\"","fullTitle":"看到可以進去的 \"表單服務系統\"","timedOut":false,"duration":0,"speed":"fast","pass":true,"fail":false,"pending":false,"code":"","isRoot":false,"uuid":"a156d816-3a32-4003-89bb-531ea88ecf85","parentUUID":"50eb16da-8f90-483a-a589-1b6958de0aaa","skipped":false,"isHook":false,"context":"[{\"title\":\"Session Id\",\"value\":\"f6a9f95caa74d6ece63558bbb3474acb\"}]","state":"passed","err":{}}],"failures":[],"skipped":[],"hasTests":true,"hasSuites":false,"totalTests":5,"totalPasses":3,"totalFailures":0,"totalPending":0,"totalSkipped":0,"hasPasses":true,"hasFailures":false,"hasPending":false,"hasSkipped":false,"duration":31411,"_timeout":0,"uuid":"50eb16da-8f90-483a-a589-1b6958de0aaa","hasBeforeHooks":false,"beforeHooks":[],"hasAfterHooks":false,"afterHooks":[]}],"tests":[],"pending":[],"root":true,"fullFile":"","file":"","passes":[],"failures":[],"skipped":[],"hasTests":false,"hasSuites":true,"totalTests":0,"totalPasses":0,"totalFailures":0,"totalPending":0,"totalSkipped":0,"hasPasses":false,"hasFailures":false,"hasPending":false,"hasSkipped":false,"duration":0,"_timeout":0,"uuid":"8fe7ff70-7180-4ab0-8a3d-1c160297defe","hasBeforeHooks":false,"beforeHooks":[],"hasAfterHooks":false,"afterHooks":[]},"allTests":[{"title":"","fullTitle":"","timedOut":false,"duration":0,"speed":"fast","pass":false,"fail":false,"pending":false,"code":"","isRoot":false,"uuid":"f186db3c-33f4-437e-a059-8c7cdc7c2a7a","parentUUID":"95f23829-3313-4125-81fd-a4375e53f986","skipped":false,"isHook":false,"context":"[{\"title\":\"Session Id\",\"value\":\"09b4d85c7386a438d6bcfb5d4e4745d5\"}]","err":{}},{"title":"","fullTitle":"","timedOut":false,"duration":0,"speed":"fast","pass":false,"fail":false,"pending":false,"code":"","isRoot":false,"uuid":"7b51e0b5-4ccf-4bbf-ad9a-f5ae8d5f21fe","parentUUID":"95f23829-3313-4125-81fd-a4375e53f986","skipped":false,"isHook":false,"context":"[{\"title\":\"Session Id\",\"value\":\"09b4d85c7386a438d6bcfb5d4e4745d5\"}]","err":{}},{"title":"想要搜尋的校務功能 \"遺失物品查詢\"","fullTitle":"想要搜尋的校務功能 \"遺失物品查詢\"","timedOut":false,"duration":0,"speed":"fast","pass":true,"fail":false,"pending":false,"code":"","isRoot":false,"uuid":"22ff4098-a83e-48a7-9bbd-acff4416f024","parentUUID":"95f23829-3313-4125-81fd-a4375e53f986","skipped":false,"isHook":false,"context":"[{\"title\":\"Session Id\",\"value\":\"09b4d85c7386a438d6bcfb5d4e4745d5\"}]","state":"passed","err":{}},{"title":"在搜尋列輸入功能標題的隨機一小段","fullTitle":"在搜尋列輸入功能標題的隨機一小段","timedOut":false,"duration":0,"speed":"fast","pass":true,"fail":false,"pending":false,"code":"","isRoot":false,"uuid":"6c1f5159-9b0b-48cf-8f52-23346cdf70ad","parentUUID":"95f23829-3313-4125-81fd-a4375e53f986","skipped":false,"isHook":false,"context":"[{\"title\":\"Session Id\",\"value\":\"09b4d85c7386a438d6bcfb5d4e4745d5\"}]","state":"passed","err":{}},{"title":"出現該功能","fullTitle":"出現該功能","timedOut":false,"duration":0,"speed":"fast","pass":true,"fail":false,"pending":false,"code":"","isRoot":false,"uuid":"ba40bf50-9a0f-4705-af95-98f441325138","parentUUID":"95f23829-3313-4125-81fd-a4375e53f986","skipped":false,"isHook":false,"context":"[{\"title\":\"Session Id\",\"value\":\"09b4d85c7386a438d6bcfb5d4e4745d5\"}]","state":"passed","err":{}},{"title":"","fullTitle":"","timedOut":false,"duration":0,"speed":"fast","pass":false,"fail":false,"pending":false,"code":"","isRoot":false,"uuid":"2274abe1-960d-451f-890d-539aeab36318","parentUUID":"3b54867c-4c61-4a1c-af6c-b5f7c51d63dd","skipped":false,"isHook":false,"context":"[{\"title\":\"Session Id\",\"value\":\"09b4d85c7386a438d6bcfb5d4e4745d5\"}]","err":{}},{"title":"","fullTitle":"","timedOut":false,"duration":0,"speed":"fast","pass":false,"fail":false,"pending":false,"code":"","isRoot":false,"uuid":"57328298-c916-4221-bb3e-8d4030fa994d","parentUUID":"3b54867c-4c61-4a1c-af6c-b5f7c51d63dd","skipped":false,"isHook":false,"context":"[{\"title\":\"Session Id\",\"value\":\"09b4d85c7386a438d6bcfb5d4e4745d5\"}]","err":{}},{"title":"想要搜尋的校務功能 \"出國選課申請\"","fullTitle":"想要搜尋的校務功能 \"出國選課申請\"","timedOut":false,"duration":0,"speed":"fast","pass":true,"fail":false,"pending":false,"code":"","isRoot":false,"uuid":"c63adf88-c19d-4f69-9fbf-c39bcbfa0170","parentUUID":"3b54867c-4c61-4a1c-af6c-b5f7c51d63dd","skipped":false,"isHook":false,"context":"[{\"title\":\"Session Id\",\"value\":\"09b4d85c7386a438d6bcfb5d4e4745d5\"}]","state":"passed","err":{}},{"title":"在搜尋列輸入功能標題的隨機一小段","fullTitle":"在搜尋列輸入功能標題的隨機一小段","timedOut":false,"duration":0,"speed":"fast","pass":true,"fail":false,"pending":false,"code":"","isRoot":false,"uuid":"3168dfc7-305a-422c-9cb4-6b226c9c0a87","parentUUID":"3b54867c-4c61-4a1c-af6c-b5f7c51d63dd","skipped":false,"isHook":false,"context":"[{\"title\":\"Session Id\",\"value\":\"09b4d85c7386a438d6bcfb5d4e4745d5\"}]","state":"passed","err":{}},{"title":"出現該功能","fullTitle":"出現該功能","timedOut":false,"duration":0,"speed":"fast","pass":true,"fail":false,"pending":false,"code":"","isRoot":false,"uuid":"1af89b6c-90fa-423d-beb8-60e63e429857","parentUUID":"3b54867c-4c61-4a1c-af6c-b5f7c51d63dd","skipped":false,"isHook":false,"context":"[{\"title\":\"Session Id\",\"value\":\"09b4d85c7386a438d6bcfb5d4e4745d5\"}]","state":"passed","err":{}},{"title":"","fullTitle":"","timedOut":false,"duration":0,"speed":"fast","pass":false,"fail":false,"pending":false,"code":"","isRoot":false,"uuid":"c215d60a-d6f4-43fb-9633-f5076758b160","parentUUID":"18dbc653-30c6-4719-a6a6-05941de93518","skipped":false,"isHook":false,"context":"[{\"title\":\"Session Id\",\"value\":\"09b4d85c7386a438d6bcfb5d4e4745d5\"}]","err":{}},{"title":"","fullTitle":"","timedOut":false,"duration":0,"speed":"fast","pass":false,"fail":false,"pending":false,"code":"","isRoot":false,"uuid":"da8f16a0-f7dc-486f-ba58-3e9ba301c8ff","parentUUID":"18dbc653-30c6-4719-a6a6-05941de93518","skipped":false,"isHook":false,"context":"[{\"title\":\"Session Id\",\"value\":\"09b4d85c7386a438d6bcfb5d4e4745d5\"}]","err":{}},{"title":"想要搜尋的校務功能 \"社團/系級幹部\"","fullTitle":"想要搜尋的校務功能 \"社團/系級幹部\"","timedOut":false,"duration":0,"speed":"fast","pass":true,"fail":false,"pending":false,"code":"","isRoot":false,"uuid":"e8c2b320-be2b-4ce5-b26c-ebd654d26bca","parentUUID":"18dbc653-30c6-4719-a6a6-05941de93518","skipped":false,"isHook":false,"context":"[{\"title\":\"Session Id\",\"value\":\"09b4d85c7386a438d6bcfb5d4e4745d5\"}]","state":"passed","err":{}},{"title":"在搜尋列輸入功能標題的隨機一小段","fullTitle":"在搜尋列輸入功能標題的隨機一小段","timedOut":false,"duration":0,"speed":"fast","pass":true,"fail":false,"pending":false,"code":"","isRoot":false,"uuid":"707a744d-fd2c-4e8b-b936-02a3edf42f2c","parentUUID":"18dbc653-30c6-4719-a6a6-05941de93518","skipped":false,"isHook":false,"context":"[{\"title\":\"Session Id\",\"value\":\"09b4d85c7386a438d6bcfb5d4e4745d5\"}]","state":"passed","err":{}},{"title":"出現該功能","fullTitle":"出現該功能","timedOut":false,"duration":0,"speed":"fast","pass":true,"fail":false,"pending":false,"code":"","isRoot":false,"uuid":"4aa5ea47-553e-414c-80a4-6961fc162042","parentUUID":"18dbc653-30c6-4719-a6a6-05941de93518","skipped":false,"isHook":false,"context":"[{\"title\":\"Session Id\",\"value\":\"09b4d85c7386a438d6bcfb5d4e4745d5\"}]","state":"passed","err":{}},{"title":"","fullTitle":"","timedOut":false,"duration":0,"speed":"fast","pass":false,"fail":false,"pending":false,"code":"","isRoot":false,"uuid":"910db473-7d2d-42f0-adc9-38f4afeaf156","parentUUID":"1e78c897-29f7-42ed-896f-a316575b0a51","skipped":false,"isHook":false,"context":"[{\"title\":\"Session Id\",\"value\":\"f6a9f95caa74d6ece63558bbb3474acb\"}]","err":{}},{"title":"","fullTitle":"","timedOut":false,"duration":0,"speed":"fast","pass":false,"fail":false,"pending":false,"code":"","isRoot":false,"uuid":"19f6a025-3cac-4f7d-af54-087c31caa91d","parentUUID":"1e78c897-29f7-42ed-896f-a316575b0a51","skipped":false,"isHook":false,"context":"[{\"title\":\"Session Id\",\"value\":\"f6a9f95caa74d6ece63558bbb3474acb\"}]","err":{}},{"title":"一個分類\"個人\" 和其底下一個功能 \"重要會議查詢\"","fullTitle":"一個分類\"個人\" 和其底下一個功能 \"重要會議查詢\"","timedOut":false,"duration":0,"speed":"fast","pass":true,"fail":false,"pending":false,"code":"","isRoot":false,"uuid":"8cdeda3e-8832-4df2-8712-9d396cfa2519","parentUUID":"1e78c897-29f7-42ed-896f-a316575b0a51","skipped":false,"isHook":false,"context":"[{\"title\":\"Session Id\",\"value\":\"f6a9f95caa74d6ece63558bbb3474acb\"}]","state":"passed","err":{}},{"title":"點擊\"個人\"","fullTitle":"點擊\"個人\"","timedOut":false,"duration":0,"speed":"fast","pass":true,"fail":false,"pending":false,"code":"","isRoot":false,"uuid":"7c0a53ad-620d-42ba-beea-2f0478686bd2","parentUUID":"1e78c897-29f7-42ed-896f-a316575b0a51","skipped":false,"isHook":false,"context":"[{\"title\":\"Session Id\",\"value\":\"f6a9f95caa74d6ece63558bbb3474acb\"}]","state":"passed","err":{}},{"title":"看到可以進去的 \"重要會議查詢\"","fullTitle":"看到可以進去的 \"重要會議查詢\"","timedOut":false,"duration":0,"speed":"fast","pass":true,"fail":false,"pending":false,"code":"","isRoot":false,"uuid":"073d55fd-0f59-45af-b1af-310fa51e144d","parentUUID":"1e78c897-29f7-42ed-896f-a316575b0a51","skipped":false,"isHook":false,"context":"[{\"title\":\"Session Id\",\"value\":\"f6a9f95caa74d6ece63558bbb3474acb\"}]","state":"passed","err":{}},{"title":"","fullTitle":"","timedOut":false,"duration":0,"speed":"fast","pass":false,"fail":false,"pending":false,"code":"","isRoot":false,"uuid":"dcbf25f6-3f93-44c4-a70b-1cdababb42f5","parentUUID":"fcf51de5-4e28-427b-b6ec-438a73bb8cb3","skipped":false,"isHook":false,"context":"[{\"title\":\"Session Id\",\"value\":\"f6a9f95caa74d6ece63558bbb3474acb\"}]","err":{}},{"title":"","fullTitle":"","timedOut":false,"duration":0,"speed":"fast","pass":false,"fail":false,"pending":false,"code":"","isRoot":false,"uuid":"59ae5bfe-547d-4820-a32c-d0f9295e8dc2","parentUUID":"fcf51de5-4e28-427b-b6ec-438a73bb8cb3","skipped":false,"isHook":false,"context":"[{\"title\":\"Session Id\",\"value\":\"f6a9f95caa74d6ece63558bbb3474acb\"}]","err":{}},{"title":"一個分類\"財務\" 和其底下一個功能 \"學雜費減免申請\"","fullTitle":"一個分類\"財務\" 和其底下一個功能 \"學雜費減免申請\"","timedOut":false,"duration":0,"speed":"fast","pass":true,"fail":false,"pending":false,"code":"","isRoot":false,"uuid":"9811f812-a1fe-434f-84e8-6198a63b5e5d","parentUUID":"fcf51de5-4e28-427b-b6ec-438a73bb8cb3","skipped":false,"isHook":false,"context":"[{\"title\":\"Session Id\",\"value\":\"f6a9f95caa74d6ece63558bbb3474acb\"}]","state":"passed","err":{}},{"title":"點擊\"財務\"","fullTitle":"點擊\"財務\"","timedOut":false,"duration":0,"speed":"fast","pass":true,"fail":false,"pending":false,"code":"","isRoot":false,"uuid":"2c53d80a-8216-41a9-8d2c-ae9cf04bfa02","parentUUID":"fcf51de5-4e28-427b-b6ec-438a73bb8cb3","skipped":false,"isHook":false,"context":"[{\"title\":\"Session Id\",\"value\":\"f6a9f95caa74d6ece63558bbb3474acb\"}]","state":"passed","err":{}},{"title":"看到可以進去的 \"學雜費減免申請\"","fullTitle":"看到可以進去的 \"學雜費減免申請\"","timedOut":false,"duration":0,"speed":"fast","pass":true,"fail":false,"pending":false,"code":"","isRoot":false,"uuid":"d3ede2a6-f6b5-4e8a-8b63-336e3d12a2e9","parentUUID":"fcf51de5-4e28-427b-b6ec-438a73bb8cb3","skipped":false,"isHook":false,"context":"[{\"title\":\"Session Id\",\"value\":\"f6a9f95caa74d6ece63558bbb3474acb\"}]","state":"passed","err":{}},{"title":"","fullTitle":"","timedOut":false,"duration":0,"speed":"fast","pass":false,"fail":false,"pending":false,"code":"","isRoot":false,"uuid":"ca83e776-79ca-45bf-bf98-6ab035200801","parentUUID":"d8f7615a-9b12-4395-9e14-c2f6af2611db","skipped":false,"isHook":false,"context":"[{\"title\":\"Session Id\",\"value\":\"f6a9f95caa74d6ece63558bbb3474acb\"}]","err":{}},{"title":"","fullTitle":"","timedOut":false,"duration":0,"speed":"fast","pass":false,"fail":false,"pending":false,"code":"","isRoot":false,"uuid":"a0647b89-197b-4274-b8b7-f369c96eabf2","parentUUID":"d8f7615a-9b12-4395-9e14-c2f6af2611db","skipped":false,"isHook":false,"context":"[{\"title\":\"Session Id\",\"value\":\"f6a9f95caa74d6ece63558bbb3474acb\"}]","err":{}},{"title":"一個分類\"學務\" 和其底下一個功能 \"超減修習學分數申請\"","fullTitle":"一個分類\"學務\" 和其底下一個功能 \"超減修習學分數申請\"","timedOut":false,"duration":0,"speed":"fast","pass":true,"fail":false,"pending":false,"code":"","isRoot":false,"uuid":"bb58cc01-c0d6-4dac-9137-b6c0ec95cec3","parentUUID":"d8f7615a-9b12-4395-9e14-c2f6af2611db","skipped":false,"isHook":false,"context":"[{\"title\":\"Session Id\",\"value\":\"f6a9f95caa74d6ece63558bbb3474acb\"}]","state":"passed","err":{}},{"title":"點擊\"學務\"","fullTitle":"點擊\"學務\"","timedOut":false,"duration":0,"speed":"fast","pass":true,"fail":false,"pending":false,"code":"","isRoot":false,"uuid":"3b3440c5-c8e6-4e39-918e-eaa5e85be13c","parentUUID":"d8f7615a-9b12-4395-9e14-c2f6af2611db","skipped":false,"isHook":false,"context":"[{\"title\":\"Session Id\",\"value\":\"f6a9f95caa74d6ece63558bbb3474acb\"}]","state":"passed","err":{}},{"title":"看到可以進去的 \"超減修習學分數申請\"","fullTitle":"看到可以進去的 \"超減修習學分數申請\"","timedOut":false,"duration":0,"speed":"fast","pass":true,"fail":false,"pending":false,"code":"","isRoot":false,"uuid":"d5e599c0-c20f-49d1-b97e-aa29f5d3d858","parentUUID":"d8f7615a-9b12-4395-9e14-c2f6af2611db","skipped":false,"isHook":false,"context":"[{\"title\":\"Session Id\",\"value\":\"f6a9f95caa74d6ece63558bbb3474acb\"}]","state":"passed","err":{}},{"title":"","fullTitle":"","timedOut":false,"duration":0,"speed":"fast","pass":false,"fail":false,"pending":false,"code":"","isRoot":false,"uuid":"2d25a560-f671-4b90-9503-706dc4943575","parentUUID":"0d377323-a2b3-4235-b621-a1399f1a5bc9","skipped":false,"isHook":false,"context":"[{\"title\":\"Session Id\",\"value\":\"f6a9f95caa74d6ece63558bbb3474acb\"}]","err":{}},{"title":"","fullTitle":"","timedOut":false,"duration":0,"speed":"fast","pass":false,"fail":false,"pending":false,"code":"","isRoot":false,"uuid":"fce36ff8-9fd2-414a-ad92-0b5e58464104","parentUUID":"0d377323-a2b3-4235-b621-a1399f1a5bc9","skipped":false,"isHook":false,"context":"[{\"title\":\"Session Id\",\"value\":\"f6a9f95caa74d6ece63558bbb3474acb\"}]","err":{}},{"title":"一個分類\"住宿\" 和其底下一個功能 \"宿舍請修\"","fullTitle":"一個分類\"住宿\" 和其底下一個功能 \"宿舍請修\"","timedOut":false,"duration":0,"speed":"fast","pass":true,"fail":false,"pending":false,"code":"","isRoot":false,"uuid":"68e55daf-e08b-42b6-a834-87df224ff83f","parentUUID":"0d377323-a2b3-4235-b621-a1399f1a5bc9","skipped":false,"isHook":false,"context":"[{\"title\":\"Session Id\",\"value\":\"f6a9f95caa74d6ece63558bbb3474acb\"}]","state":"passed","err":{}},{"title":"點擊\"住宿\"","fullTitle":"點擊\"住宿\"","timedOut":false,"duration":0,"speed":"fast","pass":true,"fail":false,"pending":false,"code":"","isRoot":false,"uuid":"9610d304-7c17-478c-b8d4-9ae5f6c6435c","parentUUID":"0d377323-a2b3-4235-b621-a1399f1a5bc9","skipped":false,"isHook":false,"context":"[{\"title\":\"Session Id\",\"value\":\"f6a9f95caa74d6ece63558bbb3474acb\"}]","state":"passed","err":{}},{"title":"看到可以進去的 \"宿舍請修\"","fullTitle":"看到可以進去的 \"宿舍請修\"","timedOut":false,"duration":0,"speed":"fast","pass":true,"fail":false,"pending":false,"code":"","isRoot":false,"uuid":"b6c7cfdf-aadb-4299-89a8-13027a9b5e30","parentUUID":"0d377323-a2b3-4235-b621-a1399f1a5bc9","skipped":false,"isHook":false,"context":"[{\"title\":\"Session Id\",\"value\":\"f6a9f95caa74d6ece63558bbb3474acb\"}]","state":"passed","err":{}},{"title":"","fullTitle":"","timedOut":false,"duration":0,"speed":"fast","pass":false,"fail":false,"pending":false,"code":"","isRoot":false,"uuid":"3775c36a-d1ae-4071-826d-1bbeb18bf0d9","parentUUID":"daa2c948-e6f5-4f35-b214-0112b095622c","skipped":false,"isHook":false,"context":"[{\"title\":\"Session Id\",\"value\":\"f6a9f95caa74d6ece63558bbb3474acb\"}]","err":{}},{"title":"","fullTitle":"","timedOut":false,"duration":0,"speed":"fast","pass":false,"fail":false,"pending":false,"code":"","isRoot":false,"uuid":"7923338a-ca82-44aa-987e-6274dc97377f","parentUUID":"daa2c948-e6f5-4f35-b214-0112b095622c","skipped":false,"isHook":false,"context":"[{\"title\":\"Session Id\",\"value\":\"f6a9f95caa74d6ece63558bbb3474acb\"}]","err":{}},{"title":"一個分類\"辦活動\" 和其底下一個功能 \"團體活動緊急通聯登錄\"","fullTitle":"一個分類\"辦活動\" 和其底下一個功能 \"團體活動緊急通聯登錄\"","timedOut":false,"duration":0,"speed":"fast","pass":true,"fail":false,"pending":false,"code":"","isRoot":false,"uuid":"5dba6f5b-2e72-4034-bd10-1aeeb46f520e","parentUUID":"daa2c948-e6f5-4f35-b214-0112b095622c","skipped":false,"isHook":false,"context":"[{\"title\":\"Session Id\",\"value\":\"f6a9f95caa74d6ece63558bbb3474acb\"}]","state":"passed","err":{}},{"title":"點擊\"辦活動\"","fullTitle":"點擊\"辦活動\"","timedOut":false,"duration":0,"speed":"fast","pass":true,"fail":false,"pending":false,"code":"","isRoot":false,"uuid":"7088d783-0e34-447a-ae9d-9e62f03f1203","parentUUID":"daa2c948-e6f5-4f35-b214-0112b095622c","skipped":false,"isHook":false,"context":"[{\"title\":\"Session Id\",\"value\":\"f6a9f95caa74d6ece63558bbb3474acb\"}]","state":"passed","err":{}},{"title":"看到可以進去的 \"團體活動緊急通聯登錄\"","fullTitle":"看到可以進去的 \"團體活動緊急通聯登錄\"","timedOut":false,"duration":0,"speed":"fast","pass":true,"fail":false,"pending":false,"code":"","isRoot":false,"uuid":"1be8f015-9e0b-42f2-b09f-dcd6d29a60e5","parentUUID":"daa2c948-e6f5-4f35-b214-0112b095622c","skipped":false,"isHook":false,"context":"[{\"title\":\"Session Id\",\"value\":\"f6a9f95caa74d6ece63558bbb3474acb\"}]","state":"passed","err":{}},{"title":"","fullTitle":"","timedOut":false,"duration":0,"speed":"fast","pass":false,"fail":false,"pending":false,"code":"","isRoot":false,"uuid":"f804f785-eb93-4b32-95d8-45c5cac176e9","parentUUID":"50eb16da-8f90-483a-a589-1b6958de0aaa","skipped":false,"isHook":false,"context":"[{\"title\":\"Session Id\",\"value\":\"f6a9f95caa74d6ece63558bbb3474acb\"}]","err":{}},{"title":"","fullTitle":"","timedOut":false,"duration":0,"speed":"fast","pass":false,"fail":false,"pending":false,"code":"","isRoot":false,"uuid":"75bd9348-dbb4-49d1-9f2e-dba7bd772afc","parentUUID":"50eb16da-8f90-483a-a589-1b6958de0aaa","skipped":false,"isHook":false,"context":"[{\"title\":\"Session Id\",\"value\":\"f6a9f95caa74d6ece63558bbb3474acb\"}]","err":{}},{"title":"一個分類\"問卷\" 和其底下一個功能 \"表單服務系統\"","fullTitle":"一個分類\"問卷\" 和其底下一個功能 \"表單服務系統\"","timedOut":false,"duration":0,"speed":"fast","pass":true,"fail":false,"pending":false,"code":"","isRoot":false,"uuid":"88e8ab4e-97e6-489a-833d-d2a5038c7e5c","parentUUID":"50eb16da-8f90-483a-a589-1b6958de0aaa","skipped":false,"isHook":false,"context":"[{\"title\":\"Session Id\",\"value\":\"f6a9f95caa74d6ece63558bbb3474acb\"}]","state":"passed","err":{}},{"title":"點擊\"問卷\"","fullTitle":"點擊\"問卷\"","timedOut":false,"duration":0,"speed":"fast","pass":true,"fail":false,"pending":false,"code":"","isRoot":false,"uuid":"5b786b33-3663-4cb4-9eb0-5b224936177b","parentUUID":"50eb16da-8f90-483a-a589-1b6958de0aaa","skipped":false,"isHook":false,"context":"[{\"title\":\"Session Id\",\"value\":\"f6a9f95caa74d6ece63558bbb3474acb\"}]","state":"passed","err":{}},{"title":"看到可以進去的 \"表單服務系統\"","fullTitle":"看到可以進去的 \"表單服務系統\"","timedOut":false,"duration":0,"speed":"fast","pass":true,"fail":false,"pending":false,"code":"","isRoot":false,"uuid":"a156d816-3a32-4003-89bb-531ea88ecf85","parentUUID":"50eb16da-8f90-483a-a589-1b6958de0aaa","skipped":false,"isHook":false,"context":"[{\"title\":\"Session Id\",\"value\":\"f6a9f95caa74d6ece63558bbb3474acb\"}]","state":"passed","err":{}}],"allPending":[],"allPasses":[{"title":"想要搜尋的校務功能 \"遺失物品查詢\"","fullTitle":"想要搜尋的校務功能 \"遺失物品查詢\"","timedOut":false,"duration":0,"speed":"fast","pass":true,"fail":false,"pending":false,"code":"","isRoot":false,"uuid":"22ff4098-a83e-48a7-9bbd-acff4416f024","parentUUID":"95f23829-3313-4125-81fd-a4375e53f986","skipped":false,"isHook":false,"context":"[{\"title\":\"Session Id\",\"value\":\"09b4d85c7386a438d6bcfb5d4e4745d5\"}]","state":"passed","err":{}},{"title":"在搜尋列輸入功能標題的隨機一小段","fullTitle":"在搜尋列輸入功能標題的隨機一小段","timedOut":false,"duration":0,"speed":"fast","pass":true,"fail":false,"pending":false,"code":"","isRoot":false,"uuid":"6c1f5159-9b0b-48cf-8f52-23346cdf70ad","parentUUID":"95f23829-3313-4125-81fd-a4375e53f986","skipped":false,"isHook":false,"context":"[{\"title\":\"Session Id\",\"value\":\"09b4d85c7386a438d6bcfb5d4e4745d5\"}]","state":"passed","err":{}},{"title":"出現該功能","fullTitle":"出現該功能","timedOut":false,"duration":0,"speed":"fast","pass":true,"fail":false,"pending":false,"code":"","isRoot":false,"uuid":"ba40bf50-9a0f-4705-af95-98f441325138","parentUUID":"95f23829-3313-4125-81fd-a4375e53f986","skipped":false,"isHook":false,"context":"[{\"title\":\"Session Id\",\"value\":\"09b4d85c7386a438d6bcfb5d4e4745d5\"}]","state":"passed","err":{}},{"title":"想要搜尋的校務功能 \"出國選課申請\"","fullTitle":"想要搜尋的校務功能 \"出國選課申請\"","timedOut":false,"duration":0,"speed":"fast","pass":true,"fail":false,"pending":false,"code":"","isRoot":false,"uuid":"c63adf88-c19d-4f69-9fbf-c39bcbfa0170","parentUUID":"3b54867c-4c61-4a1c-af6c-b5f7c51d63dd","skipped":false,"isHook":false,"context":"[{\"title\":\"Session Id\",\"value\":\"09b4d85c7386a438d6bcfb5d4e4745d5\"}]","state":"passed","err":{}},{"title":"在搜尋列輸入功能標題的隨機一小段","fullTitle":"在搜尋列輸入功能標題的隨機一小段","timedOut":false,"duration":0,"speed":"fast","pass":true,"fail":false,"pending":false,"code":"","isRoot":false,"uuid":"3168dfc7-305a-422c-9cb4-6b226c9c0a87","parentUUID":"3b54867c-4c61-4a1c-af6c-b5f7c51d63dd","skipped":false,"isHook":false,"context":"[{\"title\":\"Session Id\",\"value\":\"09b4d85c7386a438d6bcfb5d4e4745d5\"}]","state":"passed","err":{}},{"title":"出現該功能","fullTitle":"出現該功能","timedOut":false,"duration":0,"speed":"fast","pass":true,"fail":false,"pending":false,"code":"","isRoot":false,"uuid":"1af89b6c-90fa-423d-beb8-60e63e429857","parentUUID":"3b54867c-4c61-4a1c-af6c-b5f7c51d63dd","skipped":false,"isHook":false,"context":"[{\"title\":\"Session Id\",\"value\":\"09b4d85c7386a438d6bcfb5d4e4745d5\"}]","state":"passed","err":{}},{"title":"想要搜尋的校務功能 \"社團/系級幹部\"","fullTitle":"想要搜尋的校務功能 \"社團/系級幹部\"","timedOut":false,"duration":0,"speed":"fast","pass":true,"fail":false,"pending":false,"code":"","isRoot":false,"uuid":"e8c2b320-be2b-4ce5-b26c-ebd654d26bca","parentUUID":"18dbc653-30c6-4719-a6a6-05941de93518","skipped":false,"isHook":false,"context":"[{\"title\":\"Session Id\",\"value\":\"09b4d85c7386a438d6bcfb5d4e4745d5\"}]","state":"passed","err":{}},{"title":"在搜尋列輸入功能標題的隨機一小段","fullTitle":"在搜尋列輸入功能標題的隨機一小段","timedOut":false,"duration":0,"speed":"fast","pass":true,"fail":false,"pending":false,"code":"","isRoot":false,"uuid":"707a744d-fd2c-4e8b-b936-02a3edf42f2c","parentUUID":"18dbc653-30c6-4719-a6a6-05941de93518","skipped":false,"isHook":false,"context":"[{\"title\":\"Session Id\",\"value\":\"09b4d85c7386a438d6bcfb5d4e4745d5\"}]","state":"passed","err":{}},{"title":"出現該功能","fullTitle":"出現該功能","timedOut":false,"duration":0,"speed":"fast","pass":true,"fail":false,"pending":false,"code":"","isRoot":false,"uuid":"4aa5ea47-553e-414c-80a4-6961fc162042","parentUUID":"18dbc653-30c6-4719-a6a6-05941de93518","skipped":false,"isHook":false,"context":"[{\"title\":\"Session Id\",\"value\":\"09b4d85c7386a438d6bcfb5d4e4745d5\"}]","state":"passed","err":{}},{"title":"一個分類\"個人\" 和其底下一個功能 \"重要會議查詢\"","fullTitle":"一個分類\"個人\" 和其底下一個功能 \"重要會議查詢\"","timedOut":false,"duration":0,"speed":"fast","pass":true,"fail":false,"pending":false,"code":"","isRoot":false,"uuid":"8cdeda3e-8832-4df2-8712-9d396cfa2519","parentUUID":"1e78c897-29f7-42ed-896f-a316575b0a51","skipped":false,"isHook":false,"context":"[{\"title\":\"Session Id\",\"value\":\"f6a9f95caa74d6ece63558bbb3474acb\"}]","state":"passed","err":{}},{"title":"點擊\"個人\"","fullTitle":"點擊\"個人\"","timedOut":false,"duration":0,"speed":"fast","pass":true,"fail":false,"pending":false,"code":"","isRoot":false,"uuid":"7c0a53ad-620d-42ba-beea-2f0478686bd2","parentUUID":"1e78c897-29f7-42ed-896f-a316575b0a51","skipped":false,"isHook":false,"context":"[{\"title\":\"Session Id\",\"value\":\"f6a9f95caa74d6ece63558bbb3474acb\"}]","state":"passed","err":{}},{"title":"看到可以進去的 \"重要會議查詢\"","fullTitle":"看到可以進去的 \"重要會議查詢\"","timedOut":false,"duration":0,"speed":"fast","pass":true,"fail":false,"pending":false,"code":"","isRoot":false,"uuid":"073d55fd-0f59-45af-b1af-310fa51e144d","parentUUID":"1e78c897-29f7-42ed-896f-a316575b0a51","skipped":false,"isHook":false,"context":"[{\"title\":\"Session Id\",\"value\":\"f6a9f95caa74d6ece63558bbb3474acb\"}]","state":"passed","err":{}},{"title":"一個分類\"財務\" 和其底下一個功能 \"學雜費減免申請\"","fullTitle":"一個分類\"財務\" 和其底下一個功能 \"學雜費減免申請\"","timedOut":false,"duration":0,"speed":"fast","pass":true,"fail":false,"pending":false,"code":"","isRoot":false,"uuid":"9811f812-a1fe-434f-84e8-6198a63b5e5d","parentUUID":"fcf51de5-4e28-427b-b6ec-438a73bb8cb3","skipped":false,"isHook":false,"context":"[{\"title\":\"Session Id\",\"value\":\"f6a9f95caa74d6ece63558bbb3474acb\"}]","state":"passed","err":{}},{"title":"點擊\"財務\"","fullTitle":"點擊\"財務\"","timedOut":false,"duration":0,"speed":"fast","pass":true,"fail":false,"pending":false,"code":"","isRoot":false,"uuid":"2c53d80a-8216-41a9-8d2c-ae9cf04bfa02","parentUUID":"fcf51de5-4e28-427b-b6ec-438a73bb8cb3","skipped":false,"isHook":false,"context":"[{\"title\":\"Session Id\",\"value\":\"f6a9f95caa74d6ece63558bbb3474acb\"}]","state":"passed","err":{}},{"title":"看到可以進去的 \"學雜費減免申請\"","fullTitle":"看到可以進去的 \"學雜費減免申請\"","timedOut":false,"duration":0,"speed":"fast","pass":true,"fail":false,"pending":false,"code":"","isRoot":false,"uuid":"d3ede2a6-f6b5-4e8a-8b63-336e3d12a2e9","parentUUID":"fcf51de5-4e28-427b-b6ec-438a73bb8cb3","skipped":false,"isHook":false,"context":"[{\"title\":\"Session Id\",\"value\":\"f6a9f95caa74d6ece63558bbb3474acb\"}]","state":"passed","err":{}},{"title":"一個分類\"學務\" 和其底下一個功能 \"超減修習學分數申請\"","fullTitle":"一個分類\"學務\" 和其底下一個功能 \"超減修習學分數申請\"","timedOut":false,"duration":0,"speed":"fast","pass":true,"fail":false,"pending":false,"code":"","isRoot":false,"uuid":"bb58cc01-c0d6-4dac-9137-b6c0ec95cec3","parentUUID":"d8f7615a-9b12-4395-9e14-c2f6af2611db","skipped":false,"isHook":false,"context":"[{\"title\":\"Session Id\",\"value\":\"f6a9f95caa74d6ece63558bbb3474acb\"}]","state":"passed","err":{}},{"title":"點擊\"學務\"","fullTitle":"點擊\"學務\"","timedOut":false,"duration":0,"speed":"fast","pass":true,"fail":false,"pending":false,"code":"","isRoot":false,"uuid":"3b3440c5-c8e6-4e39-918e-eaa5e85be13c","parentUUID":"d8f7615a-9b12-4395-9e14-c2f6af2611db","skipped":false,"isHook":false,"context":"[{\"title\":\"Session Id\",\"value\":\"f6a9f95caa74d6ece63558bbb3474acb\"}]","state":"passed","err":{}},{"title":"看到可以進去的 \"超減修習學分數申請\"","fullTitle":"看到可以進去的 \"超減修習學分數申請\"","timedOut":false,"duration":0,"speed":"fast","pass":true,"fail":false,"pending":false,"code":"","isRoot":false,"uuid":"d5e599c0-c20f-49d1-b97e-aa29f5d3d858","parentUUID":"d8f7615a-9b12-4395-9e14-c2f6af2611db","skipped":false,"isHook":false,"context":"[{\"title\":\"Session Id\",\"value\":\"f6a9f95caa74d6ece63558bbb3474acb\"}]","state":"passed","err":{}},{"title":"一個分類\"住宿\" 和其底下一個功能 \"宿舍請修\"","fullTitle":"一個分類\"住宿\" 和其底下一個功能 \"宿舍請修\"","timedOut":false,"duration":0,"speed":"fast","pass":true,"fail":false,"pending":false,"code":"","isRoot":false,"uuid":"68e55daf-e08b-42b6-a834-87df224ff83f","parentUUID":"0d377323-a2b3-4235-b621-a1399f1a5bc9","skipped":false,"isHook":false,"context":"[{\"title\":\"Session Id\",\"value\":\"f6a9f95caa74d6ece63558bbb3474acb\"}]","state":"passed","err":{}},{"title":"點擊\"住宿\"","fullTitle":"點擊\"住宿\"","timedOut":false,"duration":0,"speed":"fast","pass":true,"fail":false,"pending":false,"code":"","isRoot":false,"uuid":"9610d304-7c17-478c-b8d4-9ae5f6c6435c","parentUUID":"0d377323-a2b3-4235-b621-a1399f1a5bc9","skipped":false,"isHook":false,"context":"[{\"title\":\"Session Id\",\"value\":\"f6a9f95caa74d6ece63558bbb3474acb\"}]","state":"passed","err":{}},{"title":"看到可以進去的 \"宿舍請修\"","fullTitle":"看到可以進去的 \"宿舍請修\"","timedOut":false,"duration":0,"speed":"fast","pass":true,"fail":false,"pending":false,"code":"","isRoot":false,"uuid":"b6c7cfdf-aadb-4299-89a8-13027a9b5e30","parentUUID":"0d377323-a2b3-4235-b621-a1399f1a5bc9","skipped":false,"isHook":false,"context":"[{\"title\":\"Session Id\",\"value\":\"f6a9f95caa74d6ece63558bbb3474acb\"}]","state":"passed","err":{}},{"title":"一個分類\"辦活動\" 和其底下一個功能 \"團體活動緊急通聯登錄\"","fullTitle":"一個分類\"辦活動\" 和其底下一個功能 \"團體活動緊急通聯登錄\"","timedOut":false,"duration":0,"speed":"fast","pass":true,"fail":false,"pending":false,"code":"","isRoot":false,"uuid":"5dba6f5b-2e72-4034-bd10-1aeeb46f520e","parentUUID":"daa2c948-e6f5-4f35-b214-0112b095622c","skipped":false,"isHook":false,"context":"[{\"title\":\"Session Id\",\"value\":\"f6a9f95caa74d6ece63558bbb3474acb\"}]","state":"passed","err":{}},{"title":"點擊\"辦活動\"","fullTitle":"點擊\"辦活動\"","timedOut":false,"duration":0,"speed":"fast","pass":true,"fail":false,"pending":false,"code":"","isRoot":false,"uuid":"7088d783-0e34-447a-ae9d-9e62f03f1203","parentUUID":"daa2c948-e6f5-4f35-b214-0112b095622c","skipped":false,"isHook":false,"context":"[{\"title\":\"Session Id\",\"value\":\"f6a9f95caa74d6ece63558bbb3474acb\"}]","state":"passed","err":{}},{"title":"看到可以進去的 \"團體活動緊急通聯登錄\"","fullTitle":"看到可以進去的 \"團體活動緊急通聯登錄\"","timedOut":false,"duration":0,"speed":"fast","pass":true,"fail":false,"pending":false,"code":"","isRoot":false,"uuid":"1be8f015-9e0b-42f2-b09f-dcd6d29a60e5","parentUUID":"daa2c948-e6f5-4f35-b214-0112b095622c","skipped":false,"isHook":false,"context":"[{\"title\":\"Session Id\",\"value\":\"f6a9f95caa74d6ece63558bbb3474acb\"}]","state":"passed","err":{}},{"title":"一個分類\"問卷\" 和其底下一個功能 \"表單服務系統\"","fullTitle":"一個分類\"問卷\" 和其底下一個功能 \"表單服務系統\"","timedOut":false,"duration":0,"speed":"fast","pass":true,"fail":false,"pending":false,"code":"","isRoot":false,"uuid":"88e8ab4e-97e6-489a-833d-d2a5038c7e5c","parentUUID":"50eb16da-8f90-483a-a589-1b6958de0aaa","skipped":false,"isHook":false,"context":"[{\"title\":\"Session Id\",\"value\":\"f6a9f95caa74d6ece63558bbb3474acb\"}]","state":"passed","err":{}},{"title":"點擊\"問卷\"","fullTitle":"點擊\"問卷\"","timedOut":false,"duration":0,"speed":"fast","pass":true,"fail":false,"pending":false,"code":"","isRoot":false,"uuid":"5b786b33-3663-4cb4-9eb0-5b224936177b","parentUUID":"50eb16da-8f90-483a-a589-1b6958de0aaa","skipped":false,"isHook":false,"context":"[{\"title\":\"Session Id\",\"value\":\"f6a9f95caa74d6ece63558bbb3474acb\"}]","state":"passed","err":{}},{"title":"看到可以進去的 \"表單服務系統\"","fullTitle":"看到可以進去的 \"表單服務系統\"","timedOut":false,"duration":0,"speed":"fast","pass":true,"fail":false,"pending":false,"code":"","isRoot":false,"uuid":"a156d816-3a32-4003-89bb-531ea88ecf85","parentUUID":"50eb16da-8f90-483a-a589-1b6958de0aaa","skipped":false,"isHook":false,"context":"[{\"title\":\"Session Id\",\"value\":\"f6a9f95caa74d6ece63558bbb3474acb\"}]","state":"passed","err":{}}],"allFailures":[],"copyrightYear":2018}