{"stats":{"suites":10,"tests":51,"passes":27,"pending":4,"failures":1,"start":"2018-06-25T00:46:23.973Z","end":"2018-06-25T00:47:08.399Z","duration":44426,"testsRegistered":51,"passPercent":53,"pendingPercent":8,"other":0,"hasOther":false,"skipped":0,"hasSkipped":false,"passPercentClass":"success","pendingPercentClass":"danger"},"suites":{"title":"","suites":[{"title":"歷史記錄 (chrome)","suites":[],"tests":[{"title":"","fullTitle":"","timedOut":false,"duration":0,"speed":"fast","pass":false,"fail":false,"pending":false,"code":"","isRoot":false,"uuid":"ede0ba01-1a98-4932-951a-8328078acc85","parentUUID":"4e2c64c5-0ebe-4060-9c65-bd3d7f2297af","skipped":false,"isHook":false,"context":"[{\"title\":\"Session Id\",\"value\":\"27626775f72be258fe8a00279613f96f\"}]","err":{}},{"title":"系統使用記錄是淨空的","fullTitle":"系統使用記錄是淨空的","timedOut":false,"duration":0,"speed":"fast","pass":false,"fail":true,"pending":false,"code":"","isRoot":false,"uuid":"6dce22e2-8cf6-41bb-b1f8-7b391204c514","parentUUID":"4e2c64c5-0ebe-4060-9c65-bd3d7f2297af","skipped":false,"isHook":false,"context":"[{\"title\":\"Session Id\",\"value\":\"27626775f72be258fe8a00279613f96f\"}]","state":"failed","err":{"message":"clearHistory is not defined","estack":"ReferenceError: clearHistory is not defined\n    at World.<anonymous> (/home/shulie8518/Workspace/se_project/test/features/step-definitions/suggest-steps.js:10:5)\n    at new Promise (<anonymous>)\n    at new F (/home/shulie8518/Workspace/se_project/node_modules/core-js/library/modules/_export.js:36:28)","stack":"ReferenceError: clearHistory is not defined\n    at World.<anonymous> (/home/shulie8518/Workspace/se_project/test/features/step-definitions/suggest-steps.js:10:5)\n    at new Promise (<anonymous>)\n    at new F (/home/shulie8518/Workspace/se_project/node_modules/core-js/library/modules/_export.js:36:28)"}},{"title":"我的身份是 \"學生\"","fullTitle":"我的身份是 \"學生\"","timedOut":false,"duration":0,"speed":"fast","pass":false,"fail":false,"pending":true,"code":"","isRoot":false,"uuid":"fbed9495-ff0c-4974-b82d-c45c76295cbf","parentUUID":"4e2c64c5-0ebe-4060-9c65-bd3d7f2297af","skipped":true,"isHook":false,"context":"[{\"title\":\"Session Id\",\"value\":\"27626775f72be258fe8a00279613f96f\"}]","err":{}},{"title":"一連串我的身份可以用的校務功能","fullTitle":"一連串我的身份可以用的校務功能","timedOut":false,"duration":0,"speed":"fast","pass":false,"fail":false,"pending":true,"code":"","isRoot":false,"uuid":"f94887b9-5e2c-42b0-a425-b5052f9f2f4b","parentUUID":"4e2c64c5-0ebe-4060-9c65-bd3d7f2297af","skipped":true,"isHook":false,"context":"[{\"title\":\"Session Id\",\"value\":\"27626775f72be258fe8a00279613f96f\"}]","err":{}},{"title":"我依序使用上述一連串的功能","fullTitle":"我依序使用上述一連串的功能","timedOut":false,"duration":0,"speed":"fast","pass":false,"fail":false,"pending":true,"code":"","isRoot":false,"uuid":"988de155-dd41-474c-84ad-f3556f23a692","parentUUID":"4e2c64c5-0ebe-4060-9c65-bd3d7f2297af","skipped":true,"isHook":false,"context":"[{\"title\":\"Session Id\",\"value\":\"27626775f72be258fe8a00279613f96f\"}]","err":{}},{"title":"個人記錄會顯示我用過的中，前五名頻繁出現的功能","fullTitle":"個人記錄會顯示我用過的中，前五名頻繁出現的功能","timedOut":false,"duration":0,"speed":"fast","pass":false,"fail":false,"pending":true,"code":"","isRoot":false,"uuid":"e970f918-6540-412f-8284-731e1899cd5a","parentUUID":"4e2c64c5-0ebe-4060-9c65-bd3d7f2297af","skipped":true,"isHook":false,"context":"[{\"title\":\"Session Id\",\"value\":\"27626775f72be258fe8a00279613f96f\"}]","err":{}}],"pending":[{"title":"我的身份是 \"學生\"","fullTitle":"我的身份是 \"學生\"","timedOut":false,"duration":0,"speed":"fast","pass":false,"fail":false,"pending":true,"code":"","isRoot":false,"uuid":"fbed9495-ff0c-4974-b82d-c45c76295cbf","parentUUID":"4e2c64c5-0ebe-4060-9c65-bd3d7f2297af","skipped":true,"isHook":false,"context":"[{\"title\":\"Session Id\",\"value\":\"27626775f72be258fe8a00279613f96f\"}]","err":{}},{"title":"一連串我的身份可以用的校務功能","fullTitle":"一連串我的身份可以用的校務功能","timedOut":false,"duration":0,"speed":"fast","pass":false,"fail":false,"pending":true,"code":"","isRoot":false,"uuid":"f94887b9-5e2c-42b0-a425-b5052f9f2f4b","parentUUID":"4e2c64c5-0ebe-4060-9c65-bd3d7f2297af","skipped":true,"isHook":false,"context":"[{\"title\":\"Session Id\",\"value\":\"27626775f72be258fe8a00279613f96f\"}]","err":{}},{"title":"我依序使用上述一連串的功能","fullTitle":"我依序使用上述一連串的功能","timedOut":false,"duration":0,"speed":"fast","pass":false,"fail":false,"pending":true,"code":"","isRoot":false,"uuid":"988de155-dd41-474c-84ad-f3556f23a692","parentUUID":"4e2c64c5-0ebe-4060-9c65-bd3d7f2297af","skipped":true,"isHook":false,"context":"[{\"title\":\"Session Id\",\"value\":\"27626775f72be258fe8a00279613f96f\"}]","err":{}},{"title":"個人記錄會顯示我用過的中，前五名頻繁出現的功能","fullTitle":"個人記錄會顯示我用過的中，前五名頻繁出現的功能","timedOut":false,"duration":0,"speed":"fast","pass":false,"fail":false,"pending":true,"code":"","isRoot":false,"uuid":"e970f918-6540-412f-8284-731e1899cd5a","parentUUID":"4e2c64c5-0ebe-4060-9c65-bd3d7f2297af","skipped":true,"isHook":false,"context":"[{\"title\":\"Session Id\",\"value\":\"27626775f72be258fe8a00279613f96f\"}]","err":{}}],"root":false,"fullFile":"","file":"","passes":[],"failures":[{"title":"系統使用記錄是淨空的","fullTitle":"系統使用記錄是淨空的","timedOut":false,"duration":0,"speed":"fast","pass":false,"fail":true,"pending":false,"code":"","isRoot":false,"uuid":"6dce22e2-8cf6-41bb-b1f8-7b391204c514","parentUUID":"4e2c64c5-0ebe-4060-9c65-bd3d7f2297af","skipped":false,"isHook":false,"context":"[{\"title\":\"Session Id\",\"value\":\"27626775f72be258fe8a00279613f96f\"}]","state":"failed","err":{"message":"clearHistory is not defined","estack":"ReferenceError: clearHistory is not defined\n    at World.<anonymous> (/home/shulie8518/Workspace/se_project/test/features/step-definitions/suggest-steps.js:10:5)\n    at new Promise (<anonymous>)\n    at new F (/home/shulie8518/Workspace/se_project/node_modules/core-js/library/modules/_export.js:36:28)","stack":"ReferenceError: clearHistory is not defined\n    at World.<anonymous> (/home/shulie8518/Workspace/se_project/test/features/step-definitions/suggest-steps.js:10:5)\n    at new Promise (<anonymous>)\n    at new F (/home/shulie8518/Workspace/se_project/node_modules/core-js/library/modules/_export.js:36:28)"}}],"skipped":[],"hasTests":true,"hasSuites":false,"totalTests":6,"totalPasses":0,"totalFailures":1,"totalPending":4,"totalSkipped":0,"hasPasses":false,"hasFailures":true,"hasPending":true,"hasSkipped":false,"duration":1131,"_timeout":0,"uuid":"4e2c64c5-0ebe-4060-9c65-bd3d7f2297af","hasBeforeHooks":false,"beforeHooks":[],"hasAfterHooks":false,"afterHooks":[]},{"title":"以分類尋找 (chrome)","suites":[],"tests":[{"title":"","fullTitle":"","timedOut":false,"duration":0,"speed":"fast","pass":false,"fail":false,"pending":false,"code":"","isRoot":false,"uuid":"452e80be-d0b5-4e16-b309-001322c3934d","parentUUID":"efce7c68-5801-413b-a656-977e758ebcf7","skipped":false,"isHook":false,"context":"[{\"title\":\"Session Id\",\"value\":\"39a67c5b32893bdb068f77804f07a431\"}]","err":{}},{"title":"","fullTitle":"","timedOut":false,"duration":0,"speed":"fast","pass":false,"fail":false,"pending":false,"code":"","isRoot":false,"uuid":"de6123bd-f611-45b3-b048-962d261bb859","parentUUID":"efce7c68-5801-413b-a656-977e758ebcf7","skipped":false,"isHook":false,"context":"[{\"title\":\"Session Id\",\"value\":\"39a67c5b32893bdb068f77804f07a431\"}]","err":{}},{"title":"一個分類\"個人\" 和其底下一個功能 \"重要會議查詢\"","fullTitle":"一個分類\"個人\" 和其底下一個功能 \"重要會議查詢\"","timedOut":false,"duration":0,"speed":"fast","pass":true,"fail":false,"pending":false,"code":"","isRoot":false,"uuid":"13639ce9-bf40-4370-b5aa-26ea2accf51f","parentUUID":"efce7c68-5801-413b-a656-977e758ebcf7","skipped":false,"isHook":false,"context":"[{\"title\":\"Session Id\",\"value\":\"39a67c5b32893bdb068f77804f07a431\"}]","state":"passed","err":{}},{"title":"點擊\"個人\"","fullTitle":"點擊\"個人\"","timedOut":false,"duration":0,"speed":"fast","pass":true,"fail":false,"pending":false,"code":"","isRoot":false,"uuid":"1a877873-881d-4891-9ba1-65a957c850d9","parentUUID":"efce7c68-5801-413b-a656-977e758ebcf7","skipped":false,"isHook":false,"context":"[{\"title\":\"Session Id\",\"value\":\"39a67c5b32893bdb068f77804f07a431\"}]","state":"passed","err":{}},{"title":"看到可以進去的 \"重要會議查詢\"","fullTitle":"看到可以進去的 \"重要會議查詢\"","timedOut":false,"duration":0,"speed":"fast","pass":true,"fail":false,"pending":false,"code":"","isRoot":false,"uuid":"96a323e2-47e3-4d38-97a0-c4284fc35b45","parentUUID":"efce7c68-5801-413b-a656-977e758ebcf7","skipped":false,"isHook":false,"context":"[{\"title\":\"Session Id\",\"value\":\"39a67c5b32893bdb068f77804f07a431\"}]","state":"passed","err":{}}],"pending":[],"root":false,"fullFile":"","file":"","passes":[{"title":"一個分類\"個人\" 和其底下一個功能 \"重要會議查詢\"","fullTitle":"一個分類\"個人\" 和其底下一個功能 \"重要會議查詢\"","timedOut":false,"duration":0,"speed":"fast","pass":true,"fail":false,"pending":false,"code":"","isRoot":false,"uuid":"13639ce9-bf40-4370-b5aa-26ea2accf51f","parentUUID":"efce7c68-5801-413b-a656-977e758ebcf7","skipped":false,"isHook":false,"context":"[{\"title\":\"Session Id\",\"value\":\"39a67c5b32893bdb068f77804f07a431\"}]","state":"passed","err":{}},{"title":"點擊\"個人\"","fullTitle":"點擊\"個人\"","timedOut":false,"duration":0,"speed":"fast","pass":true,"fail":false,"pending":false,"code":"","isRoot":false,"uuid":"1a877873-881d-4891-9ba1-65a957c850d9","parentUUID":"efce7c68-5801-413b-a656-977e758ebcf7","skipped":false,"isHook":false,"context":"[{\"title\":\"Session Id\",\"value\":\"39a67c5b32893bdb068f77804f07a431\"}]","state":"passed","err":{}},{"title":"看到可以進去的 \"重要會議查詢\"","fullTitle":"看到可以進去的 \"重要會議查詢\"","timedOut":false,"duration":0,"speed":"fast","pass":true,"fail":false,"pending":false,"code":"","isRoot":false,"uuid":"96a323e2-47e3-4d38-97a0-c4284fc35b45","parentUUID":"efce7c68-5801-413b-a656-977e758ebcf7","skipped":false,"isHook":false,"context":"[{\"title\":\"Session Id\",\"value\":\"39a67c5b32893bdb068f77804f07a431\"}]","state":"passed","err":{}}],"failures":[],"skipped":[],"hasTests":true,"hasSuites":false,"totalTests":5,"totalPasses":3,"totalFailures":0,"totalPending":0,"totalSkipped":0,"hasPasses":true,"hasFailures":false,"hasPending":false,"hasSkipped":false,"duration":10313,"_timeout":0,"uuid":"efce7c68-5801-413b-a656-977e758ebcf7","hasBeforeHooks":false,"beforeHooks":[],"hasAfterHooks":false,"afterHooks":[]},{"title":"以分類尋找 (chrome)","suites":[],"tests":[{"title":"","fullTitle":"","timedOut":false,"duration":0,"speed":"fast","pass":false,"fail":false,"pending":false,"code":"","isRoot":false,"uuid":"5b601903-faaf-498f-9a01-e746faf238a1","parentUUID":"a8a046ed-bd02-4665-b028-0b5eb8e716c0","skipped":false,"isHook":false,"context":"[{\"title\":\"Session Id\",\"value\":\"39a67c5b32893bdb068f77804f07a431\"}]","err":{}},{"title":"","fullTitle":"","timedOut":false,"duration":0,"speed":"fast","pass":false,"fail":false,"pending":false,"code":"","isRoot":false,"uuid":"bcbbe5cf-66de-4140-a616-6471bb4a3128","parentUUID":"a8a046ed-bd02-4665-b028-0b5eb8e716c0","skipped":false,"isHook":false,"context":"[{\"title\":\"Session Id\",\"value\":\"39a67c5b32893bdb068f77804f07a431\"}]","err":{}},{"title":"一個分類\"財務\" 和其底下一個功能 \"學雜費減免申請\"","fullTitle":"一個分類\"財務\" 和其底下一個功能 \"學雜費減免申請\"","timedOut":false,"duration":0,"speed":"fast","pass":true,"fail":false,"pending":false,"code":"","isRoot":false,"uuid":"3868cfbb-7292-48f9-9b82-67fe6008997b","parentUUID":"a8a046ed-bd02-4665-b028-0b5eb8e716c0","skipped":false,"isHook":false,"context":"[{\"title\":\"Session Id\",\"value\":\"39a67c5b32893bdb068f77804f07a431\"}]","state":"passed","err":{}},{"title":"點擊\"財務\"","fullTitle":"點擊\"財務\"","timedOut":false,"duration":0,"speed":"fast","pass":true,"fail":false,"pending":false,"code":"","isRoot":false,"uuid":"5e2ced80-526d-4e7a-a500-a00cd2f1b99e","parentUUID":"a8a046ed-bd02-4665-b028-0b5eb8e716c0","skipped":false,"isHook":false,"context":"[{\"title\":\"Session Id\",\"value\":\"39a67c5b32893bdb068f77804f07a431\"}]","state":"passed","err":{}},{"title":"看到可以進去的 \"學雜費減免申請\"","fullTitle":"看到可以進去的 \"學雜費減免申請\"","timedOut":false,"duration":0,"speed":"fast","pass":true,"fail":false,"pending":false,"code":"","isRoot":false,"uuid":"39bd36b7-c680-4109-b041-0dde769a7b0f","parentUUID":"a8a046ed-bd02-4665-b028-0b5eb8e716c0","skipped":false,"isHook":false,"context":"[{\"title\":\"Session Id\",\"value\":\"39a67c5b32893bdb068f77804f07a431\"}]","state":"passed","err":{}}],"pending":[],"root":false,"fullFile":"","file":"","passes":[{"title":"一個分類\"財務\" 和其底下一個功能 \"學雜費減免申請\"","fullTitle":"一個分類\"財務\" 和其底下一個功能 \"學雜費減免申請\"","timedOut":false,"duration":0,"speed":"fast","pass":true,"fail":false,"pending":false,"code":"","isRoot":false,"uuid":"3868cfbb-7292-48f9-9b82-67fe6008997b","parentUUID":"a8a046ed-bd02-4665-b028-0b5eb8e716c0","skipped":false,"isHook":false,"context":"[{\"title\":\"Session Id\",\"value\":\"39a67c5b32893bdb068f77804f07a431\"}]","state":"passed","err":{}},{"title":"點擊\"財務\"","fullTitle":"點擊\"財務\"","timedOut":false,"duration":0,"speed":"fast","pass":true,"fail":false,"pending":false,"code":"","isRoot":false,"uuid":"5e2ced80-526d-4e7a-a500-a00cd2f1b99e","parentUUID":"a8a046ed-bd02-4665-b028-0b5eb8e716c0","skipped":false,"isHook":false,"context":"[{\"title\":\"Session Id\",\"value\":\"39a67c5b32893bdb068f77804f07a431\"}]","state":"passed","err":{}},{"title":"看到可以進去的 \"學雜費減免申請\"","fullTitle":"看到可以進去的 \"學雜費減免申請\"","timedOut":false,"duration":0,"speed":"fast","pass":true,"fail":false,"pending":false,"code":"","isRoot":false,"uuid":"39bd36b7-c680-4109-b041-0dde769a7b0f","parentUUID":"a8a046ed-bd02-4665-b028-0b5eb8e716c0","skipped":false,"isHook":false,"context":"[{\"title\":\"Session Id\",\"value\":\"39a67c5b32893bdb068f77804f07a431\"}]","state":"passed","err":{}}],"failures":[],"skipped":[],"hasTests":true,"hasSuites":false,"totalTests":5,"totalPasses":3,"totalFailures":0,"totalPending":0,"totalSkipped":0,"hasPasses":true,"hasFailures":false,"hasPending":false,"hasSkipped":false,"duration":16497,"_timeout":0,"uuid":"a8a046ed-bd02-4665-b028-0b5eb8e716c0","hasBeforeHooks":false,"beforeHooks":[],"hasAfterHooks":false,"afterHooks":[]},{"title":"以分類尋找 (chrome)","suites":[],"tests":[{"title":"","fullTitle":"","timedOut":false,"duration":0,"speed":"fast","pass":false,"fail":false,"pending":false,"code":"","isRoot":false,"uuid":"e02e7694-4400-4519-9772-53ef15738bdc","parentUUID":"226e9cfa-aab0-4c34-976f-894e847977bd","skipped":false,"isHook":false,"context":"[{\"title\":\"Session Id\",\"value\":\"39a67c5b32893bdb068f77804f07a431\"}]","err":{}},{"title":"","fullTitle":"","timedOut":false,"duration":0,"speed":"fast","pass":false,"fail":false,"pending":false,"code":"","isRoot":false,"uuid":"2a3d356e-6d1f-43c4-88f8-80610b0aedc2","parentUUID":"226e9cfa-aab0-4c34-976f-894e847977bd","skipped":false,"isHook":false,"context":"[{\"title\":\"Session Id\",\"value\":\"39a67c5b32893bdb068f77804f07a431\"}]","err":{}},{"title":"一個分類\"學務\" 和其底下一個功能 \"超減修習學分數申請\"","fullTitle":"一個分類\"學務\" 和其底下一個功能 \"超減修習學分數申請\"","timedOut":false,"duration":0,"speed":"fast","pass":true,"fail":false,"pending":false,"code":"","isRoot":false,"uuid":"a8afb249-97b3-4b70-b21c-7e09a529b4bf","parentUUID":"226e9cfa-aab0-4c34-976f-894e847977bd","skipped":false,"isHook":false,"context":"[{\"title\":\"Session Id\",\"value\":\"39a67c5b32893bdb068f77804f07a431\"}]","state":"passed","err":{}},{"title":"點擊\"學務\"","fullTitle":"點擊\"學務\"","timedOut":false,"duration":0,"speed":"fast","pass":true,"fail":false,"pending":false,"code":"","isRoot":false,"uuid":"497a6b29-2499-440f-beca-75358d37ac2c","parentUUID":"226e9cfa-aab0-4c34-976f-894e847977bd","skipped":false,"isHook":false,"context":"[{\"title\":\"Session Id\",\"value\":\"39a67c5b32893bdb068f77804f07a431\"}]","state":"passed","err":{}},{"title":"看到可以進去的 \"超減修習學分數申請\"","fullTitle":"看到可以進去的 \"超減修習學分數申請\"","timedOut":false,"duration":0,"speed":"fast","pass":true,"fail":false,"pending":false,"code":"","isRoot":false,"uuid":"f976bae4-c56c-47ee-869d-a0b547abe5a9","parentUUID":"226e9cfa-aab0-4c34-976f-894e847977bd","skipped":false,"isHook":false,"context":"[{\"title\":\"Session Id\",\"value\":\"39a67c5b32893bdb068f77804f07a431\"}]","state":"passed","err":{}}],"pending":[],"root":false,"fullFile":"","file":"","passes":[{"title":"一個分類\"學務\" 和其底下一個功能 \"超減修習學分數申請\"","fullTitle":"一個分類\"學務\" 和其底下一個功能 \"超減修習學分數申請\"","timedOut":false,"duration":0,"speed":"fast","pass":true,"fail":false,"pending":false,"code":"","isRoot":false,"uuid":"a8afb249-97b3-4b70-b21c-7e09a529b4bf","parentUUID":"226e9cfa-aab0-4c34-976f-894e847977bd","skipped":false,"isHook":false,"context":"[{\"title\":\"Session Id\",\"value\":\"39a67c5b32893bdb068f77804f07a431\"}]","state":"passed","err":{}},{"title":"點擊\"學務\"","fullTitle":"點擊\"學務\"","timedOut":false,"duration":0,"speed":"fast","pass":true,"fail":false,"pending":false,"code":"","isRoot":false,"uuid":"497a6b29-2499-440f-beca-75358d37ac2c","parentUUID":"226e9cfa-aab0-4c34-976f-894e847977bd","skipped":false,"isHook":false,"context":"[{\"title\":\"Session Id\",\"value\":\"39a67c5b32893bdb068f77804f07a431\"}]","state":"passed","err":{}},{"title":"看到可以進去的 \"超減修習學分數申請\"","fullTitle":"看到可以進去的 \"超減修習學分數申請\"","timedOut":false,"duration":0,"speed":"fast","pass":true,"fail":false,"pending":false,"code":"","isRoot":false,"uuid":"f976bae4-c56c-47ee-869d-a0b547abe5a9","parentUUID":"226e9cfa-aab0-4c34-976f-894e847977bd","skipped":false,"isHook":false,"context":"[{\"title\":\"Session Id\",\"value\":\"39a67c5b32893bdb068f77804f07a431\"}]","state":"passed","err":{}}],"failures":[],"skipped":[],"hasTests":true,"hasSuites":false,"totalTests":5,"totalPasses":3,"totalFailures":0,"totalPending":0,"totalSkipped":0,"hasPasses":true,"hasFailures":false,"hasPending":false,"hasSkipped":false,"duration":21418,"_timeout":0,"uuid":"226e9cfa-aab0-4c34-976f-894e847977bd","hasBeforeHooks":false,"beforeHooks":[],"hasAfterHooks":false,"afterHooks":[]},{"title":"以分類尋找 (chrome)","suites":[],"tests":[{"title":"","fullTitle":"","timedOut":false,"duration":0,"speed":"fast","pass":false,"fail":false,"pending":false,"code":"","isRoot":false,"uuid":"7b05f181-a3c3-46d1-a917-bb0dd07d4f71","parentUUID":"24e3d11a-fade-4897-b044-f30140bd3659","skipped":false,"isHook":false,"context":"[{\"title\":\"Session Id\",\"value\":\"39a67c5b32893bdb068f77804f07a431\"}]","err":{}},{"title":"","fullTitle":"","timedOut":false,"duration":0,"speed":"fast","pass":false,"fail":false,"pending":false,"code":"","isRoot":false,"uuid":"2b3f550a-a7f1-4cf5-8785-5bfe50778cde","parentUUID":"24e3d11a-fade-4897-b044-f30140bd3659","skipped":false,"isHook":false,"context":"[{\"title\":\"Session Id\",\"value\":\"39a67c5b32893bdb068f77804f07a431\"}]","err":{}},{"title":"一個分類\"住宿\" 和其底下一個功能 \"宿舍請修\"","fullTitle":"一個分類\"住宿\" 和其底下一個功能 \"宿舍請修\"","timedOut":false,"duration":0,"speed":"fast","pass":true,"fail":false,"pending":false,"code":"","isRoot":false,"uuid":"032955ce-526e-42bb-82ce-ef2ace671d6c","parentUUID":"24e3d11a-fade-4897-b044-f30140bd3659","skipped":false,"isHook":false,"context":"[{\"title\":\"Session Id\",\"value\":\"39a67c5b32893bdb068f77804f07a431\"}]","state":"passed","err":{}},{"title":"點擊\"住宿\"","fullTitle":"點擊\"住宿\"","timedOut":false,"duration":0,"speed":"fast","pass":true,"fail":false,"pending":false,"code":"","isRoot":false,"uuid":"bcde2416-af56-4bb3-ba2d-85b4ce3a0a8a","parentUUID":"24e3d11a-fade-4897-b044-f30140bd3659","skipped":false,"isHook":false,"context":"[{\"title\":\"Session Id\",\"value\":\"39a67c5b32893bdb068f77804f07a431\"}]","state":"passed","err":{}},{"title":"看到可以進去的 \"宿舍請修\"","fullTitle":"看到可以進去的 \"宿舍請修\"","timedOut":false,"duration":0,"speed":"fast","pass":true,"fail":false,"pending":false,"code":"","isRoot":false,"uuid":"27bc6e00-3103-446a-80f7-f878ec2e0178","parentUUID":"24e3d11a-fade-4897-b044-f30140bd3659","skipped":false,"isHook":false,"context":"[{\"title\":\"Session Id\",\"value\":\"39a67c5b32893bdb068f77804f07a431\"}]","state":"passed","err":{}}],"pending":[],"root":false,"fullFile":"","file":"","passes":[{"title":"一個分類\"住宿\" 和其底下一個功能 \"宿舍請修\"","fullTitle":"一個分類\"住宿\" 和其底下一個功能 \"宿舍請修\"","timedOut":false,"duration":0,"speed":"fast","pass":true,"fail":false,"pending":false,"code":"","isRoot":false,"uuid":"032955ce-526e-42bb-82ce-ef2ace671d6c","parentUUID":"24e3d11a-fade-4897-b044-f30140bd3659","skipped":false,"isHook":false,"context":"[{\"title\":\"Session Id\",\"value\":\"39a67c5b32893bdb068f77804f07a431\"}]","state":"passed","err":{}},{"title":"點擊\"住宿\"","fullTitle":"點擊\"住宿\"","timedOut":false,"duration":0,"speed":"fast","pass":true,"fail":false,"pending":false,"code":"","isRoot":false,"uuid":"bcde2416-af56-4bb3-ba2d-85b4ce3a0a8a","parentUUID":"24e3d11a-fade-4897-b044-f30140bd3659","skipped":false,"isHook":false,"context":"[{\"title\":\"Session Id\",\"value\":\"39a67c5b32893bdb068f77804f07a431\"}]","state":"passed","err":{}},{"title":"看到可以進去的 \"宿舍請修\"","fullTitle":"看到可以進去的 \"宿舍請修\"","timedOut":false,"duration":0,"speed":"fast","pass":true,"fail":false,"pending":false,"code":"","isRoot":false,"uuid":"27bc6e00-3103-446a-80f7-f878ec2e0178","parentUUID":"24e3d11a-fade-4897-b044-f30140bd3659","skipped":false,"isHook":false,"context":"[{\"title\":\"Session Id\",\"value\":\"39a67c5b32893bdb068f77804f07a431\"}]","state":"passed","err":{}}],"failures":[],"skipped":[],"hasTests":true,"hasSuites":false,"totalTests":5,"totalPasses":3,"totalFailures":0,"totalPending":0,"totalSkipped":0,"hasPasses":true,"hasFailures":false,"hasPending":false,"hasSkipped":false,"duration":25588,"_timeout":0,"uuid":"24e3d11a-fade-4897-b044-f30140bd3659","hasBeforeHooks":false,"beforeHooks":[],"hasAfterHooks":false,"afterHooks":[]},{"title":"以分類尋找 (chrome)","suites":[],"tests":[{"title":"","fullTitle":"","timedOut":false,"duration":0,"speed":"fast","pass":false,"fail":false,"pending":false,"code":"","isRoot":false,"uuid":"978aa605-c3f9-4014-adcb-1779190e6f16","parentUUID":"c2a6bcc1-25e3-45d2-bfde-d17343a438d5","skipped":false,"isHook":false,"context":"[{\"title\":\"Session Id\",\"value\":\"39a67c5b32893bdb068f77804f07a431\"}]","err":{}},{"title":"","fullTitle":"","timedOut":false,"duration":0,"speed":"fast","pass":false,"fail":false,"pending":false,"code":"","isRoot":false,"uuid":"db6d3615-cb37-443d-b56a-6e962e3c4d21","parentUUID":"c2a6bcc1-25e3-45d2-bfde-d17343a438d5","skipped":false,"isHook":false,"context":"[{\"title\":\"Session Id\",\"value\":\"39a67c5b32893bdb068f77804f07a431\"}]","err":{}},{"title":"一個分類\"辦活動\" 和其底下一個功能 \"團體活動緊急通聯登錄\"","fullTitle":"一個分類\"辦活動\" 和其底下一個功能 \"團體活動緊急通聯登錄\"","timedOut":false,"duration":0,"speed":"fast","pass":true,"fail":false,"pending":false,"code":"","isRoot":false,"uuid":"23c35219-ed60-45b0-be59-719e2a87ef8f","parentUUID":"c2a6bcc1-25e3-45d2-bfde-d17343a438d5","skipped":false,"isHook":false,"context":"[{\"title\":\"Session Id\",\"value\":\"39a67c5b32893bdb068f77804f07a431\"}]","state":"passed","err":{}},{"title":"點擊\"辦活動\"","fullTitle":"點擊\"辦活動\"","timedOut":false,"duration":0,"speed":"fast","pass":true,"fail":false,"pending":false,"code":"","isRoot":false,"uuid":"f38ad7c9-6d23-4a8b-b66f-d9cd0251caa4","parentUUID":"c2a6bcc1-25e3-45d2-bfde-d17343a438d5","skipped":false,"isHook":false,"context":"[{\"title\":\"Session Id\",\"value\":\"39a67c5b32893bdb068f77804f07a431\"}]","state":"passed","err":{}},{"title":"看到可以進去的 \"團體活動緊急通聯登錄\"","fullTitle":"看到可以進去的 \"團體活動緊急通聯登錄\"","timedOut":false,"duration":0,"speed":"fast","pass":true,"fail":false,"pending":false,"code":"","isRoot":false,"uuid":"ea7bbbc3-b8c7-4ab3-8fb3-daef2a325f2c","parentUUID":"c2a6bcc1-25e3-45d2-bfde-d17343a438d5","skipped":false,"isHook":false,"context":"[{\"title\":\"Session Id\",\"value\":\"39a67c5b32893bdb068f77804f07a431\"}]","state":"passed","err":{}}],"pending":[],"root":false,"fullFile":"","file":"","passes":[{"title":"一個分類\"辦活動\" 和其底下一個功能 \"團體活動緊急通聯登錄\"","fullTitle":"一個分類\"辦活動\" 和其底下一個功能 \"團體活動緊急通聯登錄\"","timedOut":false,"duration":0,"speed":"fast","pass":true,"fail":false,"pending":false,"code":"","isRoot":false,"uuid":"23c35219-ed60-45b0-be59-719e2a87ef8f","parentUUID":"c2a6bcc1-25e3-45d2-bfde-d17343a438d5","skipped":false,"isHook":false,"context":"[{\"title\":\"Session Id\",\"value\":\"39a67c5b32893bdb068f77804f07a431\"}]","state":"passed","err":{}},{"title":"點擊\"辦活動\"","fullTitle":"點擊\"辦活動\"","timedOut":false,"duration":0,"speed":"fast","pass":true,"fail":false,"pending":false,"code":"","isRoot":false,"uuid":"f38ad7c9-6d23-4a8b-b66f-d9cd0251caa4","parentUUID":"c2a6bcc1-25e3-45d2-bfde-d17343a438d5","skipped":false,"isHook":false,"context":"[{\"title\":\"Session Id\",\"value\":\"39a67c5b32893bdb068f77804f07a431\"}]","state":"passed","err":{}},{"title":"看到可以進去的 \"團體活動緊急通聯登錄\"","fullTitle":"看到可以進去的 \"團體活動緊急通聯登錄\"","timedOut":false,"duration":0,"speed":"fast","pass":true,"fail":false,"pending":false,"code":"","isRoot":false,"uuid":"ea7bbbc3-b8c7-4ab3-8fb3-daef2a325f2c","parentUUID":"c2a6bcc1-25e3-45d2-bfde-d17343a438d5","skipped":false,"isHook":false,"context":"[{\"title\":\"Session Id\",\"value\":\"39a67c5b32893bdb068f77804f07a431\"}]","state":"passed","err":{}}],"failures":[],"skipped":[],"hasTests":true,"hasSuites":false,"totalTests":5,"totalPasses":3,"totalFailures":0,"totalPending":0,"totalSkipped":0,"hasPasses":true,"hasFailures":false,"hasPending":false,"hasSkipped":false,"duration":29966,"_timeout":0,"uuid":"c2a6bcc1-25e3-45d2-bfde-d17343a438d5","hasBeforeHooks":false,"beforeHooks":[],"hasAfterHooks":false,"afterHooks":[]},{"title":"以分類尋找 (chrome)","suites":[],"tests":[{"title":"","fullTitle":"","timedOut":false,"duration":0,"speed":"fast","pass":false,"fail":false,"pending":false,"code":"","isRoot":false,"uuid":"66783b52-2399-4409-bbbd-c44013eea830","parentUUID":"b9ae8539-79e5-474e-9ead-0a335e9b5a18","skipped":false,"isHook":false,"context":"[{\"title\":\"Session Id\",\"value\":\"39a67c5b32893bdb068f77804f07a431\"}]","err":{}},{"title":"","fullTitle":"","timedOut":false,"duration":0,"speed":"fast","pass":false,"fail":false,"pending":false,"code":"","isRoot":false,"uuid":"87c0a6dc-2bbe-482c-8a3e-dbe685d9ba75","parentUUID":"b9ae8539-79e5-474e-9ead-0a335e9b5a18","skipped":false,"isHook":false,"context":"[{\"title\":\"Session Id\",\"value\":\"39a67c5b32893bdb068f77804f07a431\"}]","err":{}},{"title":"一個分類\"問卷\" 和其底下一個功能 \"表單服務系統\"","fullTitle":"一個分類\"問卷\" 和其底下一個功能 \"表單服務系統\"","timedOut":false,"duration":0,"speed":"fast","pass":true,"fail":false,"pending":false,"code":"","isRoot":false,"uuid":"859c63f9-7501-4446-9412-b9b442e49b4f","parentUUID":"b9ae8539-79e5-474e-9ead-0a335e9b5a18","skipped":false,"isHook":false,"context":"[{\"title\":\"Session Id\",\"value\":\"39a67c5b32893bdb068f77804f07a431\"}]","state":"passed","err":{}},{"title":"點擊\"問卷\"","fullTitle":"點擊\"問卷\"","timedOut":false,"duration":0,"speed":"fast","pass":true,"fail":false,"pending":false,"code":"","isRoot":false,"uuid":"0f19d67c-1b35-4a2f-bf5e-aea4ff4aeec3","parentUUID":"b9ae8539-79e5-474e-9ead-0a335e9b5a18","skipped":false,"isHook":false,"context":"[{\"title\":\"Session Id\",\"value\":\"39a67c5b32893bdb068f77804f07a431\"}]","state":"passed","err":{}},{"title":"看到可以進去的 \"表單服務系統\"","fullTitle":"看到可以進去的 \"表單服務系統\"","timedOut":false,"duration":0,"speed":"fast","pass":true,"fail":false,"pending":false,"code":"","isRoot":false,"uuid":"0a5bcebf-d3f2-4e43-b9df-e71c7a9388a3","parentUUID":"b9ae8539-79e5-474e-9ead-0a335e9b5a18","skipped":false,"isHook":false,"context":"[{\"title\":\"Session Id\",\"value\":\"39a67c5b32893bdb068f77804f07a431\"}]","state":"passed","err":{}}],"pending":[],"root":false,"fullFile":"","file":"","passes":[{"title":"一個分類\"問卷\" 和其底下一個功能 \"表單服務系統\"","fullTitle":"一個分類\"問卷\" 和其底下一個功能 \"表單服務系統\"","timedOut":false,"duration":0,"speed":"fast","pass":true,"fail":false,"pending":false,"code":"","isRoot":false,"uuid":"859c63f9-7501-4446-9412-b9b442e49b4f","parentUUID":"b9ae8539-79e5-474e-9ead-0a335e9b5a18","skipped":false,"isHook":false,"context":"[{\"title\":\"Session Id\",\"value\":\"39a67c5b32893bdb068f77804f07a431\"}]","state":"passed","err":{}},{"title":"點擊\"問卷\"","fullTitle":"點擊\"問卷\"","timedOut":false,"duration":0,"speed":"fast","pass":true,"fail":false,"pending":false,"code":"","isRoot":false,"uuid":"0f19d67c-1b35-4a2f-bf5e-aea4ff4aeec3","parentUUID":"b9ae8539-79e5-474e-9ead-0a335e9b5a18","skipped":false,"isHook":false,"context":"[{\"title\":\"Session Id\",\"value\":\"39a67c5b32893bdb068f77804f07a431\"}]","state":"passed","err":{}},{"title":"看到可以進去的 \"表單服務系統\"","fullTitle":"看到可以進去的 \"表單服務系統\"","timedOut":false,"duration":0,"speed":"fast","pass":true,"fail":false,"pending":false,"code":"","isRoot":false,"uuid":"0a5bcebf-d3f2-4e43-b9df-e71c7a9388a3","parentUUID":"b9ae8539-79e5-474e-9ead-0a335e9b5a18","skipped":false,"isHook":false,"context":"[{\"title\":\"Session Id\",\"value\":\"39a67c5b32893bdb068f77804f07a431\"}]","state":"passed","err":{}}],"failures":[],"skipped":[],"hasTests":true,"hasSuites":false,"totalTests":5,"totalPasses":3,"totalFailures":0,"totalPending":0,"totalSkipped":0,"hasPasses":true,"hasFailures":false,"hasPending":false,"hasSkipped":false,"duration":37924,"_timeout":0,"uuid":"b9ae8539-79e5-474e-9ead-0a335e9b5a18","hasBeforeHooks":false,"beforeHooks":[],"hasAfterHooks":false,"afterHooks":[]},{"title":"實時更新搜尋結果0 (chrome)","suites":[],"tests":[{"title":"","fullTitle":"","timedOut":false,"duration":0,"speed":"fast","pass":false,"fail":false,"pending":false,"code":"","isRoot":false,"uuid":"7ca0c28e-4489-4b68-acf0-3600adb34a94","parentUUID":"8e1411e1-4097-41d3-8979-b8414eee42c3","skipped":false,"isHook":false,"context":"[{\"title\":\"Session Id\",\"value\":\"e7fed76ff1bddc2fcad0b73712b3583a\"}]","err":{}},{"title":"","fullTitle":"","timedOut":false,"duration":0,"speed":"fast","pass":false,"fail":false,"pending":false,"code":"","isRoot":false,"uuid":"29dd1f91-5269-4bbc-8dc5-4045c583e93b","parentUUID":"8e1411e1-4097-41d3-8979-b8414eee42c3","skipped":false,"isHook":false,"context":"[{\"title\":\"Session Id\",\"value\":\"e7fed76ff1bddc2fcad0b73712b3583a\"}]","err":{}},{"title":"想要搜尋的校務功能 \"遺失物品查詢\"","fullTitle":"想要搜尋的校務功能 \"遺失物品查詢\"","timedOut":false,"duration":0,"speed":"fast","pass":true,"fail":false,"pending":false,"code":"","isRoot":false,"uuid":"cfa2e90d-abb0-44b2-9427-3355b8f0861f","parentUUID":"8e1411e1-4097-41d3-8979-b8414eee42c3","skipped":false,"isHook":false,"context":"[{\"title\":\"Session Id\",\"value\":\"e7fed76ff1bddc2fcad0b73712b3583a\"}]","state":"passed","err":{}},{"title":"在搜尋列輸入功能標題的隨機一小段","fullTitle":"在搜尋列輸入功能標題的隨機一小段","timedOut":false,"duration":0,"speed":"fast","pass":true,"fail":false,"pending":false,"code":"","isRoot":false,"uuid":"c5d535d7-f0f9-41f7-8fc0-476fbc65aa7d","parentUUID":"8e1411e1-4097-41d3-8979-b8414eee42c3","skipped":false,"isHook":false,"context":"[{\"title\":\"Session Id\",\"value\":\"e7fed76ff1bddc2fcad0b73712b3583a\"}]","state":"passed","err":{}},{"title":"出現該功能","fullTitle":"出現該功能","timedOut":false,"duration":0,"speed":"fast","pass":true,"fail":false,"pending":false,"code":"","isRoot":false,"uuid":"358dcc6c-3d8f-4907-b2c0-5e9fc057c08e","parentUUID":"8e1411e1-4097-41d3-8979-b8414eee42c3","skipped":false,"isHook":false,"context":"[{\"title\":\"Session Id\",\"value\":\"e7fed76ff1bddc2fcad0b73712b3583a\"}]","state":"passed","err":{}}],"pending":[],"root":false,"fullFile":"","file":"","passes":[{"title":"想要搜尋的校務功能 \"遺失物品查詢\"","fullTitle":"想要搜尋的校務功能 \"遺失物品查詢\"","timedOut":false,"duration":0,"speed":"fast","pass":true,"fail":false,"pending":false,"code":"","isRoot":false,"uuid":"cfa2e90d-abb0-44b2-9427-3355b8f0861f","parentUUID":"8e1411e1-4097-41d3-8979-b8414eee42c3","skipped":false,"isHook":false,"context":"[{\"title\":\"Session Id\",\"value\":\"e7fed76ff1bddc2fcad0b73712b3583a\"}]","state":"passed","err":{}},{"title":"在搜尋列輸入功能標題的隨機一小段","fullTitle":"在搜尋列輸入功能標題的隨機一小段","timedOut":false,"duration":0,"speed":"fast","pass":true,"fail":false,"pending":false,"code":"","isRoot":false,"uuid":"c5d535d7-f0f9-41f7-8fc0-476fbc65aa7d","parentUUID":"8e1411e1-4097-41d3-8979-b8414eee42c3","skipped":false,"isHook":false,"context":"[{\"title\":\"Session Id\",\"value\":\"e7fed76ff1bddc2fcad0b73712b3583a\"}]","state":"passed","err":{}},{"title":"出現該功能","fullTitle":"出現該功能","timedOut":false,"duration":0,"speed":"fast","pass":true,"fail":false,"pending":false,"code":"","isRoot":false,"uuid":"358dcc6c-3d8f-4907-b2c0-5e9fc057c08e","parentUUID":"8e1411e1-4097-41d3-8979-b8414eee42c3","skipped":false,"isHook":false,"context":"[{\"title\":\"Session Id\",\"value\":\"e7fed76ff1bddc2fcad0b73712b3583a\"}]","state":"passed","err":{}}],"failures":[],"skipped":[],"hasTests":true,"hasSuites":false,"totalTests":5,"totalPasses":3,"totalFailures":0,"totalPending":0,"totalSkipped":0,"hasPasses":true,"hasFailures":false,"hasPending":false,"hasSkipped":false,"duration":10534,"_timeout":0,"uuid":"8e1411e1-4097-41d3-8979-b8414eee42c3","hasBeforeHooks":false,"beforeHooks":[],"hasAfterHooks":false,"afterHooks":[]},{"title":"實時更新搜尋結果1 (chrome)","suites":[],"tests":[{"title":"","fullTitle":"","timedOut":false,"duration":0,"speed":"fast","pass":false,"fail":false,"pending":false,"code":"","isRoot":false,"uuid":"79cf2a05-9d84-4fb6-aeb8-5f016248ea24","parentUUID":"fa68b262-c9e7-4715-a0c2-4d2f70060d88","skipped":false,"isHook":false,"context":"[{\"title\":\"Session Id\",\"value\":\"e7fed76ff1bddc2fcad0b73712b3583a\"}]","err":{}},{"title":"","fullTitle":"","timedOut":false,"duration":0,"speed":"fast","pass":false,"fail":false,"pending":false,"code":"","isRoot":false,"uuid":"3375a386-669c-4082-8363-77b75d27504d","parentUUID":"fa68b262-c9e7-4715-a0c2-4d2f70060d88","skipped":false,"isHook":false,"context":"[{\"title\":\"Session Id\",\"value\":\"e7fed76ff1bddc2fcad0b73712b3583a\"}]","err":{}},{"title":"想要搜尋的校務功能 \"出國選課申請\"","fullTitle":"想要搜尋的校務功能 \"出國選課申請\"","timedOut":false,"duration":0,"speed":"fast","pass":true,"fail":false,"pending":false,"code":"","isRoot":false,"uuid":"7566767b-07fd-4bb7-95eb-e9035dd5195d","parentUUID":"fa68b262-c9e7-4715-a0c2-4d2f70060d88","skipped":false,"isHook":false,"context":"[{\"title\":\"Session Id\",\"value\":\"e7fed76ff1bddc2fcad0b73712b3583a\"}]","state":"passed","err":{}},{"title":"在搜尋列輸入功能標題的隨機一小段","fullTitle":"在搜尋列輸入功能標題的隨機一小段","timedOut":false,"duration":0,"speed":"fast","pass":true,"fail":false,"pending":false,"code":"","isRoot":false,"uuid":"8fcc879a-4ace-4983-bf4a-7391f267d661","parentUUID":"fa68b262-c9e7-4715-a0c2-4d2f70060d88","skipped":false,"isHook":false,"context":"[{\"title\":\"Session Id\",\"value\":\"e7fed76ff1bddc2fcad0b73712b3583a\"}]","state":"passed","err":{}},{"title":"出現該功能","fullTitle":"出現該功能","timedOut":false,"duration":0,"speed":"fast","pass":true,"fail":false,"pending":false,"code":"","isRoot":false,"uuid":"b2044383-d146-400d-8e3e-5ba8f397e5f7","parentUUID":"fa68b262-c9e7-4715-a0c2-4d2f70060d88","skipped":false,"isHook":false,"context":"[{\"title\":\"Session Id\",\"value\":\"e7fed76ff1bddc2fcad0b73712b3583a\"}]","state":"passed","err":{}}],"pending":[],"root":false,"fullFile":"","file":"","passes":[{"title":"想要搜尋的校務功能 \"出國選課申請\"","fullTitle":"想要搜尋的校務功能 \"出國選課申請\"","timedOut":false,"duration":0,"speed":"fast","pass":true,"fail":false,"pending":false,"code":"","isRoot":false,"uuid":"7566767b-07fd-4bb7-95eb-e9035dd5195d","parentUUID":"fa68b262-c9e7-4715-a0c2-4d2f70060d88","skipped":false,"isHook":false,"context":"[{\"title\":\"Session Id\",\"value\":\"e7fed76ff1bddc2fcad0b73712b3583a\"}]","state":"passed","err":{}},{"title":"在搜尋列輸入功能標題的隨機一小段","fullTitle":"在搜尋列輸入功能標題的隨機一小段","timedOut":false,"duration":0,"speed":"fast","pass":true,"fail":false,"pending":false,"code":"","isRoot":false,"uuid":"8fcc879a-4ace-4983-bf4a-7391f267d661","parentUUID":"fa68b262-c9e7-4715-a0c2-4d2f70060d88","skipped":false,"isHook":false,"context":"[{\"title\":\"Session Id\",\"value\":\"e7fed76ff1bddc2fcad0b73712b3583a\"}]","state":"passed","err":{}},{"title":"出現該功能","fullTitle":"出現該功能","timedOut":false,"duration":0,"speed":"fast","pass":true,"fail":false,"pending":false,"code":"","isRoot":false,"uuid":"b2044383-d146-400d-8e3e-5ba8f397e5f7","parentUUID":"fa68b262-c9e7-4715-a0c2-4d2f70060d88","skipped":false,"isHook":false,"context":"[{\"title\":\"Session Id\",\"value\":\"e7fed76ff1bddc2fcad0b73712b3583a\"}]","state":"passed","err":{}}],"failures":[],"skipped":[],"hasTests":true,"hasSuites":false,"totalTests":5,"totalPasses":3,"totalFailures":0,"totalPending":0,"totalSkipped":0,"hasPasses":true,"hasFailures":false,"hasPending":false,"hasSkipped":false,"duration":15456,"_timeout":0,"uuid":"fa68b262-c9e7-4715-a0c2-4d2f70060d88","hasBeforeHooks":false,"beforeHooks":[],"hasAfterHooks":false,"afterHooks":[]},{"title":"實時更新搜尋結果2 (chrome)","suites":[],"tests":[{"title":"","fullTitle":"","timedOut":false,"duration":0,"speed":"fast","pass":false,"fail":false,"pending":false,"code":"","isRoot":false,"uuid":"fe390822-7ce7-4607-9b7e-83a5371922b0","parentUUID":"01560a55-9373-4e72-9a36-11d08242e5c0","skipped":false,"isHook":false,"context":"[{\"title\":\"Session Id\",\"value\":\"e7fed76ff1bddc2fcad0b73712b3583a\"}]","err":{}},{"title":"","fullTitle":"","timedOut":false,"duration":0,"speed":"fast","pass":false,"fail":false,"pending":false,"code":"","isRoot":false,"uuid":"871e611f-210b-4ae2-a9b5-4d5b1d8dc5f7","parentUUID":"01560a55-9373-4e72-9a36-11d08242e5c0","skipped":false,"isHook":false,"context":"[{\"title\":\"Session Id\",\"value\":\"e7fed76ff1bddc2fcad0b73712b3583a\"}]","err":{}},{"title":"想要搜尋的校務功能 \"社團/系級幹部\"","fullTitle":"想要搜尋的校務功能 \"社團/系級幹部\"","timedOut":false,"duration":0,"speed":"fast","pass":true,"fail":false,"pending":false,"code":"","isRoot":false,"uuid":"bb81f83d-3ab1-4764-9350-0d1029c4d641","parentUUID":"01560a55-9373-4e72-9a36-11d08242e5c0","skipped":false,"isHook":false,"context":"[{\"title\":\"Session Id\",\"value\":\"e7fed76ff1bddc2fcad0b73712b3583a\"}]","state":"passed","err":{}},{"title":"在搜尋列輸入功能標題的隨機一小段","fullTitle":"在搜尋列輸入功能標題的隨機一小段","timedOut":false,"duration":0,"speed":"fast","pass":true,"fail":false,"pending":false,"code":"","isRoot":false,"uuid":"8655e55a-a6cb-465d-adb8-bae38888ea87","parentUUID":"01560a55-9373-4e72-9a36-11d08242e5c0","skipped":false,"isHook":false,"context":"[{\"title\":\"Session Id\",\"value\":\"e7fed76ff1bddc2fcad0b73712b3583a\"}]","state":"passed","err":{}},{"title":"出現該功能","fullTitle":"出現該功能","timedOut":false,"duration":0,"speed":"fast","pass":true,"fail":false,"pending":false,"code":"","isRoot":false,"uuid":"019a5fec-8f73-4faa-81d0-fb97c383c25b","parentUUID":"01560a55-9373-4e72-9a36-11d08242e5c0","skipped":false,"isHook":false,"context":"[{\"title\":\"Session Id\",\"value\":\"e7fed76ff1bddc2fcad0b73712b3583a\"}]","state":"passed","err":{}}],"pending":[],"root":false,"fullFile":"","file":"","passes":[{"title":"想要搜尋的校務功能 \"社團/系級幹部\"","fullTitle":"想要搜尋的校務功能 \"社團/系級幹部\"","timedOut":false,"duration":0,"speed":"fast","pass":true,"fail":false,"pending":false,"code":"","isRoot":false,"uuid":"bb81f83d-3ab1-4764-9350-0d1029c4d641","parentUUID":"01560a55-9373-4e72-9a36-11d08242e5c0","skipped":false,"isHook":false,"context":"[{\"title\":\"Session Id\",\"value\":\"e7fed76ff1bddc2fcad0b73712b3583a\"}]","state":"passed","err":{}},{"title":"在搜尋列輸入功能標題的隨機一小段","fullTitle":"在搜尋列輸入功能標題的隨機一小段","timedOut":false,"duration":0,"speed":"fast","pass":true,"fail":false,"pending":false,"code":"","isRoot":false,"uuid":"8655e55a-a6cb-465d-adb8-bae38888ea87","parentUUID":"01560a55-9373-4e72-9a36-11d08242e5c0","skipped":false,"isHook":false,"context":"[{\"title\":\"Session Id\",\"value\":\"e7fed76ff1bddc2fcad0b73712b3583a\"}]","state":"passed","err":{}},{"title":"出現該功能","fullTitle":"出現該功能","timedOut":false,"duration":0,"speed":"fast","pass":true,"fail":false,"pending":false,"code":"","isRoot":false,"uuid":"019a5fec-8f73-4faa-81d0-fb97c383c25b","parentUUID":"01560a55-9373-4e72-9a36-11d08242e5c0","skipped":false,"isHook":false,"context":"[{\"title\":\"Session Id\",\"value\":\"e7fed76ff1bddc2fcad0b73712b3583a\"}]","state":"passed","err":{}}],"failures":[],"skipped":[],"hasTests":true,"hasSuites":false,"totalTests":5,"totalPasses":3,"totalFailures":0,"totalPending":0,"totalSkipped":0,"hasPasses":true,"hasFailures":false,"hasPending":false,"hasSkipped":false,"duration":19771,"_timeout":0,"uuid":"01560a55-9373-4e72-9a36-11d08242e5c0","hasBeforeHooks":false,"beforeHooks":[],"hasAfterHooks":false,"afterHooks":[]}],"tests":[],"pending":[],"root":true,"fullFile":"","file":"","passes":[],"failures":[],"skipped":[],"hasTests":false,"hasSuites":true,"totalTests":0,"totalPasses":0,"totalFailures":0,"totalPending":0,"totalSkipped":0,"hasPasses":false,"hasFailures":false,"hasPending":false,"hasSkipped":false,"duration":0,"_timeout":0,"uuid":"ce038190-a95f-47d6-91a3-be42e75dbfee","hasBeforeHooks":false,"beforeHooks":[],"hasAfterHooks":false,"afterHooks":[]},"allTests":[{"title":"","fullTitle":"","timedOut":false,"duration":0,"speed":"fast","pass":false,"fail":false,"pending":false,"code":"","isRoot":false,"uuid":"ede0ba01-1a98-4932-951a-8328078acc85","parentUUID":"4e2c64c5-0ebe-4060-9c65-bd3d7f2297af","skipped":false,"isHook":false,"context":"[{\"title\":\"Session Id\",\"value\":\"27626775f72be258fe8a00279613f96f\"}]","err":{}},{"title":"系統使用記錄是淨空的","fullTitle":"系統使用記錄是淨空的","timedOut":false,"duration":0,"speed":"fast","pass":false,"fail":true,"pending":false,"code":"","isRoot":false,"uuid":"6dce22e2-8cf6-41bb-b1f8-7b391204c514","parentUUID":"4e2c64c5-0ebe-4060-9c65-bd3d7f2297af","skipped":false,"isHook":false,"context":"[{\"title\":\"Session Id\",\"value\":\"27626775f72be258fe8a00279613f96f\"}]","state":"failed","err":{"message":"clearHistory is not defined","estack":"ReferenceError: clearHistory is not defined\n    at World.<anonymous> (/home/shulie8518/Workspace/se_project/test/features/step-definitions/suggest-steps.js:10:5)\n    at new Promise (<anonymous>)\n    at new F (/home/shulie8518/Workspace/se_project/node_modules/core-js/library/modules/_export.js:36:28)","stack":"ReferenceError: clearHistory is not defined\n    at World.<anonymous> (/home/shulie8518/Workspace/se_project/test/features/step-definitions/suggest-steps.js:10:5)\n    at new Promise (<anonymous>)\n    at new F (/home/shulie8518/Workspace/se_project/node_modules/core-js/library/modules/_export.js:36:28)"}},{"title":"我的身份是 \"學生\"","fullTitle":"我的身份是 \"學生\"","timedOut":false,"duration":0,"speed":"fast","pass":false,"fail":false,"pending":true,"code":"","isRoot":false,"uuid":"fbed9495-ff0c-4974-b82d-c45c76295cbf","parentUUID":"4e2c64c5-0ebe-4060-9c65-bd3d7f2297af","skipped":true,"isHook":false,"context":"[{\"title\":\"Session Id\",\"value\":\"27626775f72be258fe8a00279613f96f\"}]","err":{}},{"title":"一連串我的身份可以用的校務功能","fullTitle":"一連串我的身份可以用的校務功能","timedOut":false,"duration":0,"speed":"fast","pass":false,"fail":false,"pending":true,"code":"","isRoot":false,"uuid":"f94887b9-5e2c-42b0-a425-b5052f9f2f4b","parentUUID":"4e2c64c5-0ebe-4060-9c65-bd3d7f2297af","skipped":true,"isHook":false,"context":"[{\"title\":\"Session Id\",\"value\":\"27626775f72be258fe8a00279613f96f\"}]","err":{}},{"title":"我依序使用上述一連串的功能","fullTitle":"我依序使用上述一連串的功能","timedOut":false,"duration":0,"speed":"fast","pass":false,"fail":false,"pending":true,"code":"","isRoot":false,"uuid":"988de155-dd41-474c-84ad-f3556f23a692","parentUUID":"4e2c64c5-0ebe-4060-9c65-bd3d7f2297af","skipped":true,"isHook":false,"context":"[{\"title\":\"Session Id\",\"value\":\"27626775f72be258fe8a00279613f96f\"}]","err":{}},{"title":"個人記錄會顯示我用過的中，前五名頻繁出現的功能","fullTitle":"個人記錄會顯示我用過的中，前五名頻繁出現的功能","timedOut":false,"duration":0,"speed":"fast","pass":false,"fail":false,"pending":true,"code":"","isRoot":false,"uuid":"e970f918-6540-412f-8284-731e1899cd5a","parentUUID":"4e2c64c5-0ebe-4060-9c65-bd3d7f2297af","skipped":true,"isHook":false,"context":"[{\"title\":\"Session Id\",\"value\":\"27626775f72be258fe8a00279613f96f\"}]","err":{}},{"title":"","fullTitle":"","timedOut":false,"duration":0,"speed":"fast","pass":false,"fail":false,"pending":false,"code":"","isRoot":false,"uuid":"452e80be-d0b5-4e16-b309-001322c3934d","parentUUID":"efce7c68-5801-413b-a656-977e758ebcf7","skipped":false,"isHook":false,"context":"[{\"title\":\"Session Id\",\"value\":\"39a67c5b32893bdb068f77804f07a431\"}]","err":{}},{"title":"","fullTitle":"","timedOut":false,"duration":0,"speed":"fast","pass":false,"fail":false,"pending":false,"code":"","isRoot":false,"uuid":"de6123bd-f611-45b3-b048-962d261bb859","parentUUID":"efce7c68-5801-413b-a656-977e758ebcf7","skipped":false,"isHook":false,"context":"[{\"title\":\"Session Id\",\"value\":\"39a67c5b32893bdb068f77804f07a431\"}]","err":{}},{"title":"一個分類\"個人\" 和其底下一個功能 \"重要會議查詢\"","fullTitle":"一個分類\"個人\" 和其底下一個功能 \"重要會議查詢\"","timedOut":false,"duration":0,"speed":"fast","pass":true,"fail":false,"pending":false,"code":"","isRoot":false,"uuid":"13639ce9-bf40-4370-b5aa-26ea2accf51f","parentUUID":"efce7c68-5801-413b-a656-977e758ebcf7","skipped":false,"isHook":false,"context":"[{\"title\":\"Session Id\",\"value\":\"39a67c5b32893bdb068f77804f07a431\"}]","state":"passed","err":{}},{"title":"點擊\"個人\"","fullTitle":"點擊\"個人\"","timedOut":false,"duration":0,"speed":"fast","pass":true,"fail":false,"pending":false,"code":"","isRoot":false,"uuid":"1a877873-881d-4891-9ba1-65a957c850d9","parentUUID":"efce7c68-5801-413b-a656-977e758ebcf7","skipped":false,"isHook":false,"context":"[{\"title\":\"Session Id\",\"value\":\"39a67c5b32893bdb068f77804f07a431\"}]","state":"passed","err":{}},{"title":"看到可以進去的 \"重要會議查詢\"","fullTitle":"看到可以進去的 \"重要會議查詢\"","timedOut":false,"duration":0,"speed":"fast","pass":true,"fail":false,"pending":false,"code":"","isRoot":false,"uuid":"96a323e2-47e3-4d38-97a0-c4284fc35b45","parentUUID":"efce7c68-5801-413b-a656-977e758ebcf7","skipped":false,"isHook":false,"context":"[{\"title\":\"Session Id\",\"value\":\"39a67c5b32893bdb068f77804f07a431\"}]","state":"passed","err":{}},{"title":"","fullTitle":"","timedOut":false,"duration":0,"speed":"fast","pass":false,"fail":false,"pending":false,"code":"","isRoot":false,"uuid":"5b601903-faaf-498f-9a01-e746faf238a1","parentUUID":"a8a046ed-bd02-4665-b028-0b5eb8e716c0","skipped":false,"isHook":false,"context":"[{\"title\":\"Session Id\",\"value\":\"39a67c5b32893bdb068f77804f07a431\"}]","err":{}},{"title":"","fullTitle":"","timedOut":false,"duration":0,"speed":"fast","pass":false,"fail":false,"pending":false,"code":"","isRoot":false,"uuid":"bcbbe5cf-66de-4140-a616-6471bb4a3128","parentUUID":"a8a046ed-bd02-4665-b028-0b5eb8e716c0","skipped":false,"isHook":false,"context":"[{\"title\":\"Session Id\",\"value\":\"39a67c5b32893bdb068f77804f07a431\"}]","err":{}},{"title":"一個分類\"財務\" 和其底下一個功能 \"學雜費減免申請\"","fullTitle":"一個分類\"財務\" 和其底下一個功能 \"學雜費減免申請\"","timedOut":false,"duration":0,"speed":"fast","pass":true,"fail":false,"pending":false,"code":"","isRoot":false,"uuid":"3868cfbb-7292-48f9-9b82-67fe6008997b","parentUUID":"a8a046ed-bd02-4665-b028-0b5eb8e716c0","skipped":false,"isHook":false,"context":"[{\"title\":\"Session Id\",\"value\":\"39a67c5b32893bdb068f77804f07a431\"}]","state":"passed","err":{}},{"title":"點擊\"財務\"","fullTitle":"點擊\"財務\"","timedOut":false,"duration":0,"speed":"fast","pass":true,"fail":false,"pending":false,"code":"","isRoot":false,"uuid":"5e2ced80-526d-4e7a-a500-a00cd2f1b99e","parentUUID":"a8a046ed-bd02-4665-b028-0b5eb8e716c0","skipped":false,"isHook":false,"context":"[{\"title\":\"Session Id\",\"value\":\"39a67c5b32893bdb068f77804f07a431\"}]","state":"passed","err":{}},{"title":"看到可以進去的 \"學雜費減免申請\"","fullTitle":"看到可以進去的 \"學雜費減免申請\"","timedOut":false,"duration":0,"speed":"fast","pass":true,"fail":false,"pending":false,"code":"","isRoot":false,"uuid":"39bd36b7-c680-4109-b041-0dde769a7b0f","parentUUID":"a8a046ed-bd02-4665-b028-0b5eb8e716c0","skipped":false,"isHook":false,"context":"[{\"title\":\"Session Id\",\"value\":\"39a67c5b32893bdb068f77804f07a431\"}]","state":"passed","err":{}},{"title":"","fullTitle":"","timedOut":false,"duration":0,"speed":"fast","pass":false,"fail":false,"pending":false,"code":"","isRoot":false,"uuid":"e02e7694-4400-4519-9772-53ef15738bdc","parentUUID":"226e9cfa-aab0-4c34-976f-894e847977bd","skipped":false,"isHook":false,"context":"[{\"title\":\"Session Id\",\"value\":\"39a67c5b32893bdb068f77804f07a431\"}]","err":{}},{"title":"","fullTitle":"","timedOut":false,"duration":0,"speed":"fast","pass":false,"fail":false,"pending":false,"code":"","isRoot":false,"uuid":"2a3d356e-6d1f-43c4-88f8-80610b0aedc2","parentUUID":"226e9cfa-aab0-4c34-976f-894e847977bd","skipped":false,"isHook":false,"context":"[{\"title\":\"Session Id\",\"value\":\"39a67c5b32893bdb068f77804f07a431\"}]","err":{}},{"title":"一個分類\"學務\" 和其底下一個功能 \"超減修習學分數申請\"","fullTitle":"一個分類\"學務\" 和其底下一個功能 \"超減修習學分數申請\"","timedOut":false,"duration":0,"speed":"fast","pass":true,"fail":false,"pending":false,"code":"","isRoot":false,"uuid":"a8afb249-97b3-4b70-b21c-7e09a529b4bf","parentUUID":"226e9cfa-aab0-4c34-976f-894e847977bd","skipped":false,"isHook":false,"context":"[{\"title\":\"Session Id\",\"value\":\"39a67c5b32893bdb068f77804f07a431\"}]","state":"passed","err":{}},{"title":"點擊\"學務\"","fullTitle":"點擊\"學務\"","timedOut":false,"duration":0,"speed":"fast","pass":true,"fail":false,"pending":false,"code":"","isRoot":false,"uuid":"497a6b29-2499-440f-beca-75358d37ac2c","parentUUID":"226e9cfa-aab0-4c34-976f-894e847977bd","skipped":false,"isHook":false,"context":"[{\"title\":\"Session Id\",\"value\":\"39a67c5b32893bdb068f77804f07a431\"}]","state":"passed","err":{}},{"title":"看到可以進去的 \"超減修習學分數申請\"","fullTitle":"看到可以進去的 \"超減修習學分數申請\"","timedOut":false,"duration":0,"speed":"fast","pass":true,"fail":false,"pending":false,"code":"","isRoot":false,"uuid":"f976bae4-c56c-47ee-869d-a0b547abe5a9","parentUUID":"226e9cfa-aab0-4c34-976f-894e847977bd","skipped":false,"isHook":false,"context":"[{\"title\":\"Session Id\",\"value\":\"39a67c5b32893bdb068f77804f07a431\"}]","state":"passed","err":{}},{"title":"","fullTitle":"","timedOut":false,"duration":0,"speed":"fast","pass":false,"fail":false,"pending":false,"code":"","isRoot":false,"uuid":"7b05f181-a3c3-46d1-a917-bb0dd07d4f71","parentUUID":"24e3d11a-fade-4897-b044-f30140bd3659","skipped":false,"isHook":false,"context":"[{\"title\":\"Session Id\",\"value\":\"39a67c5b32893bdb068f77804f07a431\"}]","err":{}},{"title":"","fullTitle":"","timedOut":false,"duration":0,"speed":"fast","pass":false,"fail":false,"pending":false,"code":"","isRoot":false,"uuid":"2b3f550a-a7f1-4cf5-8785-5bfe50778cde","parentUUID":"24e3d11a-fade-4897-b044-f30140bd3659","skipped":false,"isHook":false,"context":"[{\"title\":\"Session Id\",\"value\":\"39a67c5b32893bdb068f77804f07a431\"}]","err":{}},{"title":"一個分類\"住宿\" 和其底下一個功能 \"宿舍請修\"","fullTitle":"一個分類\"住宿\" 和其底下一個功能 \"宿舍請修\"","timedOut":false,"duration":0,"speed":"fast","pass":true,"fail":false,"pending":false,"code":"","isRoot":false,"uuid":"032955ce-526e-42bb-82ce-ef2ace671d6c","parentUUID":"24e3d11a-fade-4897-b044-f30140bd3659","skipped":false,"isHook":false,"context":"[{\"title\":\"Session Id\",\"value\":\"39a67c5b32893bdb068f77804f07a431\"}]","state":"passed","err":{}},{"title":"點擊\"住宿\"","fullTitle":"點擊\"住宿\"","timedOut":false,"duration":0,"speed":"fast","pass":true,"fail":false,"pending":false,"code":"","isRoot":false,"uuid":"bcde2416-af56-4bb3-ba2d-85b4ce3a0a8a","parentUUID":"24e3d11a-fade-4897-b044-f30140bd3659","skipped":false,"isHook":false,"context":"[{\"title\":\"Session Id\",\"value\":\"39a67c5b32893bdb068f77804f07a431\"}]","state":"passed","err":{}},{"title":"看到可以進去的 \"宿舍請修\"","fullTitle":"看到可以進去的 \"宿舍請修\"","timedOut":false,"duration":0,"speed":"fast","pass":true,"fail":false,"pending":false,"code":"","isRoot":false,"uuid":"27bc6e00-3103-446a-80f7-f878ec2e0178","parentUUID":"24e3d11a-fade-4897-b044-f30140bd3659","skipped":false,"isHook":false,"context":"[{\"title\":\"Session Id\",\"value\":\"39a67c5b32893bdb068f77804f07a431\"}]","state":"passed","err":{}},{"title":"","fullTitle":"","timedOut":false,"duration":0,"speed":"fast","pass":false,"fail":false,"pending":false,"code":"","isRoot":false,"uuid":"978aa605-c3f9-4014-adcb-1779190e6f16","parentUUID":"c2a6bcc1-25e3-45d2-bfde-d17343a438d5","skipped":false,"isHook":false,"context":"[{\"title\":\"Session Id\",\"value\":\"39a67c5b32893bdb068f77804f07a431\"}]","err":{}},{"title":"","fullTitle":"","timedOut":false,"duration":0,"speed":"fast","pass":false,"fail":false,"pending":false,"code":"","isRoot":false,"uuid":"db6d3615-cb37-443d-b56a-6e962e3c4d21","parentUUID":"c2a6bcc1-25e3-45d2-bfde-d17343a438d5","skipped":false,"isHook":false,"context":"[{\"title\":\"Session Id\",\"value\":\"39a67c5b32893bdb068f77804f07a431\"}]","err":{}},{"title":"一個分類\"辦活動\" 和其底下一個功能 \"團體活動緊急通聯登錄\"","fullTitle":"一個分類\"辦活動\" 和其底下一個功能 \"團體活動緊急通聯登錄\"","timedOut":false,"duration":0,"speed":"fast","pass":true,"fail":false,"pending":false,"code":"","isRoot":false,"uuid":"23c35219-ed60-45b0-be59-719e2a87ef8f","parentUUID":"c2a6bcc1-25e3-45d2-bfde-d17343a438d5","skipped":false,"isHook":false,"context":"[{\"title\":\"Session Id\",\"value\":\"39a67c5b32893bdb068f77804f07a431\"}]","state":"passed","err":{}},{"title":"點擊\"辦活動\"","fullTitle":"點擊\"辦活動\"","timedOut":false,"duration":0,"speed":"fast","pass":true,"fail":false,"pending":false,"code":"","isRoot":false,"uuid":"f38ad7c9-6d23-4a8b-b66f-d9cd0251caa4","parentUUID":"c2a6bcc1-25e3-45d2-bfde-d17343a438d5","skipped":false,"isHook":false,"context":"[{\"title\":\"Session Id\",\"value\":\"39a67c5b32893bdb068f77804f07a431\"}]","state":"passed","err":{}},{"title":"看到可以進去的 \"團體活動緊急通聯登錄\"","fullTitle":"看到可以進去的 \"團體活動緊急通聯登錄\"","timedOut":false,"duration":0,"speed":"fast","pass":true,"fail":false,"pending":false,"code":"","isRoot":false,"uuid":"ea7bbbc3-b8c7-4ab3-8fb3-daef2a325f2c","parentUUID":"c2a6bcc1-25e3-45d2-bfde-d17343a438d5","skipped":false,"isHook":false,"context":"[{\"title\":\"Session Id\",\"value\":\"39a67c5b32893bdb068f77804f07a431\"}]","state":"passed","err":{}},{"title":"","fullTitle":"","timedOut":false,"duration":0,"speed":"fast","pass":false,"fail":false,"pending":false,"code":"","isRoot":false,"uuid":"66783b52-2399-4409-bbbd-c44013eea830","parentUUID":"b9ae8539-79e5-474e-9ead-0a335e9b5a18","skipped":false,"isHook":false,"context":"[{\"title\":\"Session Id\",\"value\":\"39a67c5b32893bdb068f77804f07a431\"}]","err":{}},{"title":"","fullTitle":"","timedOut":false,"duration":0,"speed":"fast","pass":false,"fail":false,"pending":false,"code":"","isRoot":false,"uuid":"87c0a6dc-2bbe-482c-8a3e-dbe685d9ba75","parentUUID":"b9ae8539-79e5-474e-9ead-0a335e9b5a18","skipped":false,"isHook":false,"context":"[{\"title\":\"Session Id\",\"value\":\"39a67c5b32893bdb068f77804f07a431\"}]","err":{}},{"title":"一個分類\"問卷\" 和其底下一個功能 \"表單服務系統\"","fullTitle":"一個分類\"問卷\" 和其底下一個功能 \"表單服務系統\"","timedOut":false,"duration":0,"speed":"fast","pass":true,"fail":false,"pending":false,"code":"","isRoot":false,"uuid":"859c63f9-7501-4446-9412-b9b442e49b4f","parentUUID":"b9ae8539-79e5-474e-9ead-0a335e9b5a18","skipped":false,"isHook":false,"context":"[{\"title\":\"Session Id\",\"value\":\"39a67c5b32893bdb068f77804f07a431\"}]","state":"passed","err":{}},{"title":"點擊\"問卷\"","fullTitle":"點擊\"問卷\"","timedOut":false,"duration":0,"speed":"fast","pass":true,"fail":false,"pending":false,"code":"","isRoot":false,"uuid":"0f19d67c-1b35-4a2f-bf5e-aea4ff4aeec3","parentUUID":"b9ae8539-79e5-474e-9ead-0a335e9b5a18","skipped":false,"isHook":false,"context":"[{\"title\":\"Session Id\",\"value\":\"39a67c5b32893bdb068f77804f07a431\"}]","state":"passed","err":{}},{"title":"看到可以進去的 \"表單服務系統\"","fullTitle":"看到可以進去的 \"表單服務系統\"","timedOut":false,"duration":0,"speed":"fast","pass":true,"fail":false,"pending":false,"code":"","isRoot":false,"uuid":"0a5bcebf-d3f2-4e43-b9df-e71c7a9388a3","parentUUID":"b9ae8539-79e5-474e-9ead-0a335e9b5a18","skipped":false,"isHook":false,"context":"[{\"title\":\"Session Id\",\"value\":\"39a67c5b32893bdb068f77804f07a431\"}]","state":"passed","err":{}},{"title":"","fullTitle":"","timedOut":false,"duration":0,"speed":"fast","pass":false,"fail":false,"pending":false,"code":"","isRoot":false,"uuid":"7ca0c28e-4489-4b68-acf0-3600adb34a94","parentUUID":"8e1411e1-4097-41d3-8979-b8414eee42c3","skipped":false,"isHook":false,"context":"[{\"title\":\"Session Id\",\"value\":\"e7fed76ff1bddc2fcad0b73712b3583a\"}]","err":{}},{"title":"","fullTitle":"","timedOut":false,"duration":0,"speed":"fast","pass":false,"fail":false,"pending":false,"code":"","isRoot":false,"uuid":"29dd1f91-5269-4bbc-8dc5-4045c583e93b","parentUUID":"8e1411e1-4097-41d3-8979-b8414eee42c3","skipped":false,"isHook":false,"context":"[{\"title\":\"Session Id\",\"value\":\"e7fed76ff1bddc2fcad0b73712b3583a\"}]","err":{}},{"title":"想要搜尋的校務功能 \"遺失物品查詢\"","fullTitle":"想要搜尋的校務功能 \"遺失物品查詢\"","timedOut":false,"duration":0,"speed":"fast","pass":true,"fail":false,"pending":false,"code":"","isRoot":false,"uuid":"cfa2e90d-abb0-44b2-9427-3355b8f0861f","parentUUID":"8e1411e1-4097-41d3-8979-b8414eee42c3","skipped":false,"isHook":false,"context":"[{\"title\":\"Session Id\",\"value\":\"e7fed76ff1bddc2fcad0b73712b3583a\"}]","state":"passed","err":{}},{"title":"在搜尋列輸入功能標題的隨機一小段","fullTitle":"在搜尋列輸入功能標題的隨機一小段","timedOut":false,"duration":0,"speed":"fast","pass":true,"fail":false,"pending":false,"code":"","isRoot":false,"uuid":"c5d535d7-f0f9-41f7-8fc0-476fbc65aa7d","parentUUID":"8e1411e1-4097-41d3-8979-b8414eee42c3","skipped":false,"isHook":false,"context":"[{\"title\":\"Session Id\",\"value\":\"e7fed76ff1bddc2fcad0b73712b3583a\"}]","state":"passed","err":{}},{"title":"出現該功能","fullTitle":"出現該功能","timedOut":false,"duration":0,"speed":"fast","pass":true,"fail":false,"pending":false,"code":"","isRoot":false,"uuid":"358dcc6c-3d8f-4907-b2c0-5e9fc057c08e","parentUUID":"8e1411e1-4097-41d3-8979-b8414eee42c3","skipped":false,"isHook":false,"context":"[{\"title\":\"Session Id\",\"value\":\"e7fed76ff1bddc2fcad0b73712b3583a\"}]","state":"passed","err":{}},{"title":"","fullTitle":"","timedOut":false,"duration":0,"speed":"fast","pass":false,"fail":false,"pending":false,"code":"","isRoot":false,"uuid":"79cf2a05-9d84-4fb6-aeb8-5f016248ea24","parentUUID":"fa68b262-c9e7-4715-a0c2-4d2f70060d88","skipped":false,"isHook":false,"context":"[{\"title\":\"Session Id\",\"value\":\"e7fed76ff1bddc2fcad0b73712b3583a\"}]","err":{}},{"title":"","fullTitle":"","timedOut":false,"duration":0,"speed":"fast","pass":false,"fail":false,"pending":false,"code":"","isRoot":false,"uuid":"3375a386-669c-4082-8363-77b75d27504d","parentUUID":"fa68b262-c9e7-4715-a0c2-4d2f70060d88","skipped":false,"isHook":false,"context":"[{\"title\":\"Session Id\",\"value\":\"e7fed76ff1bddc2fcad0b73712b3583a\"}]","err":{}},{"title":"想要搜尋的校務功能 \"出國選課申請\"","fullTitle":"想要搜尋的校務功能 \"出國選課申請\"","timedOut":false,"duration":0,"speed":"fast","pass":true,"fail":false,"pending":false,"code":"","isRoot":false,"uuid":"7566767b-07fd-4bb7-95eb-e9035dd5195d","parentUUID":"fa68b262-c9e7-4715-a0c2-4d2f70060d88","skipped":false,"isHook":false,"context":"[{\"title\":\"Session Id\",\"value\":\"e7fed76ff1bddc2fcad0b73712b3583a\"}]","state":"passed","err":{}},{"title":"在搜尋列輸入功能標題的隨機一小段","fullTitle":"在搜尋列輸入功能標題的隨機一小段","timedOut":false,"duration":0,"speed":"fast","pass":true,"fail":false,"pending":false,"code":"","isRoot":false,"uuid":"8fcc879a-4ace-4983-bf4a-7391f267d661","parentUUID":"fa68b262-c9e7-4715-a0c2-4d2f70060d88","skipped":false,"isHook":false,"context":"[{\"title\":\"Session Id\",\"value\":\"e7fed76ff1bddc2fcad0b73712b3583a\"}]","state":"passed","err":{}},{"title":"出現該功能","fullTitle":"出現該功能","timedOut":false,"duration":0,"speed":"fast","pass":true,"fail":false,"pending":false,"code":"","isRoot":false,"uuid":"b2044383-d146-400d-8e3e-5ba8f397e5f7","parentUUID":"fa68b262-c9e7-4715-a0c2-4d2f70060d88","skipped":false,"isHook":false,"context":"[{\"title\":\"Session Id\",\"value\":\"e7fed76ff1bddc2fcad0b73712b3583a\"}]","state":"passed","err":{}},{"title":"","fullTitle":"","timedOut":false,"duration":0,"speed":"fast","pass":false,"fail":false,"pending":false,"code":"","isRoot":false,"uuid":"fe390822-7ce7-4607-9b7e-83a5371922b0","parentUUID":"01560a55-9373-4e72-9a36-11d08242e5c0","skipped":false,"isHook":false,"context":"[{\"title\":\"Session Id\",\"value\":\"e7fed76ff1bddc2fcad0b73712b3583a\"}]","err":{}},{"title":"","fullTitle":"","timedOut":false,"duration":0,"speed":"fast","pass":false,"fail":false,"pending":false,"code":"","isRoot":false,"uuid":"871e611f-210b-4ae2-a9b5-4d5b1d8dc5f7","parentUUID":"01560a55-9373-4e72-9a36-11d08242e5c0","skipped":false,"isHook":false,"context":"[{\"title\":\"Session Id\",\"value\":\"e7fed76ff1bddc2fcad0b73712b3583a\"}]","err":{}},{"title":"想要搜尋的校務功能 \"社團/系級幹部\"","fullTitle":"想要搜尋的校務功能 \"社團/系級幹部\"","timedOut":false,"duration":0,"speed":"fast","pass":true,"fail":false,"pending":false,"code":"","isRoot":false,"uuid":"bb81f83d-3ab1-4764-9350-0d1029c4d641","parentUUID":"01560a55-9373-4e72-9a36-11d08242e5c0","skipped":false,"isHook":false,"context":"[{\"title\":\"Session Id\",\"value\":\"e7fed76ff1bddc2fcad0b73712b3583a\"}]","state":"passed","err":{}},{"title":"在搜尋列輸入功能標題的隨機一小段","fullTitle":"在搜尋列輸入功能標題的隨機一小段","timedOut":false,"duration":0,"speed":"fast","pass":true,"fail":false,"pending":false,"code":"","isRoot":false,"uuid":"8655e55a-a6cb-465d-adb8-bae38888ea87","parentUUID":"01560a55-9373-4e72-9a36-11d08242e5c0","skipped":false,"isHook":false,"context":"[{\"title\":\"Session Id\",\"value\":\"e7fed76ff1bddc2fcad0b73712b3583a\"}]","state":"passed","err":{}},{"title":"出現該功能","fullTitle":"出現該功能","timedOut":false,"duration":0,"speed":"fast","pass":true,"fail":false,"pending":false,"code":"","isRoot":false,"uuid":"019a5fec-8f73-4faa-81d0-fb97c383c25b","parentUUID":"01560a55-9373-4e72-9a36-11d08242e5c0","skipped":false,"isHook":false,"context":"[{\"title\":\"Session Id\",\"value\":\"e7fed76ff1bddc2fcad0b73712b3583a\"}]","state":"passed","err":{}}],"allPending":[{"title":"我的身份是 \"學生\"","fullTitle":"我的身份是 \"學生\"","timedOut":false,"duration":0,"speed":"fast","pass":false,"fail":false,"pending":true,"code":"","isRoot":false,"uuid":"fbed9495-ff0c-4974-b82d-c45c76295cbf","parentUUID":"4e2c64c5-0ebe-4060-9c65-bd3d7f2297af","skipped":true,"isHook":false,"context":"[{\"title\":\"Session Id\",\"value\":\"27626775f72be258fe8a00279613f96f\"}]","err":{}},{"title":"一連串我的身份可以用的校務功能","fullTitle":"一連串我的身份可以用的校務功能","timedOut":false,"duration":0,"speed":"fast","pass":false,"fail":false,"pending":true,"code":"","isRoot":false,"uuid":"f94887b9-5e2c-42b0-a425-b5052f9f2f4b","parentUUID":"4e2c64c5-0ebe-4060-9c65-bd3d7f2297af","skipped":true,"isHook":false,"context":"[{\"title\":\"Session Id\",\"value\":\"27626775f72be258fe8a00279613f96f\"}]","err":{}},{"title":"我依序使用上述一連串的功能","fullTitle":"我依序使用上述一連串的功能","timedOut":false,"duration":0,"speed":"fast","pass":false,"fail":false,"pending":true,"code":"","isRoot":false,"uuid":"988de155-dd41-474c-84ad-f3556f23a692","parentUUID":"4e2c64c5-0ebe-4060-9c65-bd3d7f2297af","skipped":true,"isHook":false,"context":"[{\"title\":\"Session Id\",\"value\":\"27626775f72be258fe8a00279613f96f\"}]","err":{}},{"title":"個人記錄會顯示我用過的中，前五名頻繁出現的功能","fullTitle":"個人記錄會顯示我用過的中，前五名頻繁出現的功能","timedOut":false,"duration":0,"speed":"fast","pass":false,"fail":false,"pending":true,"code":"","isRoot":false,"uuid":"e970f918-6540-412f-8284-731e1899cd5a","parentUUID":"4e2c64c5-0ebe-4060-9c65-bd3d7f2297af","skipped":true,"isHook":false,"context":"[{\"title\":\"Session Id\",\"value\":\"27626775f72be258fe8a00279613f96f\"}]","err":{}}],"allPasses":[{"title":"一個分類\"個人\" 和其底下一個功能 \"重要會議查詢\"","fullTitle":"一個分類\"個人\" 和其底下一個功能 \"重要會議查詢\"","timedOut":false,"duration":0,"speed":"fast","pass":true,"fail":false,"pending":false,"code":"","isRoot":false,"uuid":"13639ce9-bf40-4370-b5aa-26ea2accf51f","parentUUID":"efce7c68-5801-413b-a656-977e758ebcf7","skipped":false,"isHook":false,"context":"[{\"title\":\"Session Id\",\"value\":\"39a67c5b32893bdb068f77804f07a431\"}]","state":"passed","err":{}},{"title":"點擊\"個人\"","fullTitle":"點擊\"個人\"","timedOut":false,"duration":0,"speed":"fast","pass":true,"fail":false,"pending":false,"code":"","isRoot":false,"uuid":"1a877873-881d-4891-9ba1-65a957c850d9","parentUUID":"efce7c68-5801-413b-a656-977e758ebcf7","skipped":false,"isHook":false,"context":"[{\"title\":\"Session Id\",\"value\":\"39a67c5b32893bdb068f77804f07a431\"}]","state":"passed","err":{}},{"title":"看到可以進去的 \"重要會議查詢\"","fullTitle":"看到可以進去的 \"重要會議查詢\"","timedOut":false,"duration":0,"speed":"fast","pass":true,"fail":false,"pending":false,"code":"","isRoot":false,"uuid":"96a323e2-47e3-4d38-97a0-c4284fc35b45","parentUUID":"efce7c68-5801-413b-a656-977e758ebcf7","skipped":false,"isHook":false,"context":"[{\"title\":\"Session Id\",\"value\":\"39a67c5b32893bdb068f77804f07a431\"}]","state":"passed","err":{}},{"title":"一個分類\"財務\" 和其底下一個功能 \"學雜費減免申請\"","fullTitle":"一個分類\"財務\" 和其底下一個功能 \"學雜費減免申請\"","timedOut":false,"duration":0,"speed":"fast","pass":true,"fail":false,"pending":false,"code":"","isRoot":false,"uuid":"3868cfbb-7292-48f9-9b82-67fe6008997b","parentUUID":"a8a046ed-bd02-4665-b028-0b5eb8e716c0","skipped":false,"isHook":false,"context":"[{\"title\":\"Session Id\",\"value\":\"39a67c5b32893bdb068f77804f07a431\"}]","state":"passed","err":{}},{"title":"點擊\"財務\"","fullTitle":"點擊\"財務\"","timedOut":false,"duration":0,"speed":"fast","pass":true,"fail":false,"pending":false,"code":"","isRoot":false,"uuid":"5e2ced80-526d-4e7a-a500-a00cd2f1b99e","parentUUID":"a8a046ed-bd02-4665-b028-0b5eb8e716c0","skipped":false,"isHook":false,"context":"[{\"title\":\"Session Id\",\"value\":\"39a67c5b32893bdb068f77804f07a431\"}]","state":"passed","err":{}},{"title":"看到可以進去的 \"學雜費減免申請\"","fullTitle":"看到可以進去的 \"學雜費減免申請\"","timedOut":false,"duration":0,"speed":"fast","pass":true,"fail":false,"pending":false,"code":"","isRoot":false,"uuid":"39bd36b7-c680-4109-b041-0dde769a7b0f","parentUUID":"a8a046ed-bd02-4665-b028-0b5eb8e716c0","skipped":false,"isHook":false,"context":"[{\"title\":\"Session Id\",\"value\":\"39a67c5b32893bdb068f77804f07a431\"}]","state":"passed","err":{}},{"title":"一個分類\"學務\" 和其底下一個功能 \"超減修習學分數申請\"","fullTitle":"一個分類\"學務\" 和其底下一個功能 \"超減修習學分數申請\"","timedOut":false,"duration":0,"speed":"fast","pass":true,"fail":false,"pending":false,"code":"","isRoot":false,"uuid":"a8afb249-97b3-4b70-b21c-7e09a529b4bf","parentUUID":"226e9cfa-aab0-4c34-976f-894e847977bd","skipped":false,"isHook":false,"context":"[{\"title\":\"Session Id\",\"value\":\"39a67c5b32893bdb068f77804f07a431\"}]","state":"passed","err":{}},{"title":"點擊\"學務\"","fullTitle":"點擊\"學務\"","timedOut":false,"duration":0,"speed":"fast","pass":true,"fail":false,"pending":false,"code":"","isRoot":false,"uuid":"497a6b29-2499-440f-beca-75358d37ac2c","parentUUID":"226e9cfa-aab0-4c34-976f-894e847977bd","skipped":false,"isHook":false,"context":"[{\"title\":\"Session Id\",\"value\":\"39a67c5b32893bdb068f77804f07a431\"}]","state":"passed","err":{}},{"title":"看到可以進去的 \"超減修習學分數申請\"","fullTitle":"看到可以進去的 \"超減修習學分數申請\"","timedOut":false,"duration":0,"speed":"fast","pass":true,"fail":false,"pending":false,"code":"","isRoot":false,"uuid":"f976bae4-c56c-47ee-869d-a0b547abe5a9","parentUUID":"226e9cfa-aab0-4c34-976f-894e847977bd","skipped":false,"isHook":false,"context":"[{\"title\":\"Session Id\",\"value\":\"39a67c5b32893bdb068f77804f07a431\"}]","state":"passed","err":{}},{"title":"一個分類\"住宿\" 和其底下一個功能 \"宿舍請修\"","fullTitle":"一個分類\"住宿\" 和其底下一個功能 \"宿舍請修\"","timedOut":false,"duration":0,"speed":"fast","pass":true,"fail":false,"pending":false,"code":"","isRoot":false,"uuid":"032955ce-526e-42bb-82ce-ef2ace671d6c","parentUUID":"24e3d11a-fade-4897-b044-f30140bd3659","skipped":false,"isHook":false,"context":"[{\"title\":\"Session Id\",\"value\":\"39a67c5b32893bdb068f77804f07a431\"}]","state":"passed","err":{}},{"title":"點擊\"住宿\"","fullTitle":"點擊\"住宿\"","timedOut":false,"duration":0,"speed":"fast","pass":true,"fail":false,"pending":false,"code":"","isRoot":false,"uuid":"bcde2416-af56-4bb3-ba2d-85b4ce3a0a8a","parentUUID":"24e3d11a-fade-4897-b044-f30140bd3659","skipped":false,"isHook":false,"context":"[{\"title\":\"Session Id\",\"value\":\"39a67c5b32893bdb068f77804f07a431\"}]","state":"passed","err":{}},{"title":"看到可以進去的 \"宿舍請修\"","fullTitle":"看到可以進去的 \"宿舍請修\"","timedOut":false,"duration":0,"speed":"fast","pass":true,"fail":false,"pending":false,"code":"","isRoot":false,"uuid":"27bc6e00-3103-446a-80f7-f878ec2e0178","parentUUID":"24e3d11a-fade-4897-b044-f30140bd3659","skipped":false,"isHook":false,"context":"[{\"title\":\"Session Id\",\"value\":\"39a67c5b32893bdb068f77804f07a431\"}]","state":"passed","err":{}},{"title":"一個分類\"辦活動\" 和其底下一個功能 \"團體活動緊急通聯登錄\"","fullTitle":"一個分類\"辦活動\" 和其底下一個功能 \"團體活動緊急通聯登錄\"","timedOut":false,"duration":0,"speed":"fast","pass":true,"fail":false,"pending":false,"code":"","isRoot":false,"uuid":"23c35219-ed60-45b0-be59-719e2a87ef8f","parentUUID":"c2a6bcc1-25e3-45d2-bfde-d17343a438d5","skipped":false,"isHook":false,"context":"[{\"title\":\"Session Id\",\"value\":\"39a67c5b32893bdb068f77804f07a431\"}]","state":"passed","err":{}},{"title":"點擊\"辦活動\"","fullTitle":"點擊\"辦活動\"","timedOut":false,"duration":0,"speed":"fast","pass":true,"fail":false,"pending":false,"code":"","isRoot":false,"uuid":"f38ad7c9-6d23-4a8b-b66f-d9cd0251caa4","parentUUID":"c2a6bcc1-25e3-45d2-bfde-d17343a438d5","skipped":false,"isHook":false,"context":"[{\"title\":\"Session Id\",\"value\":\"39a67c5b32893bdb068f77804f07a431\"}]","state":"passed","err":{}},{"title":"看到可以進去的 \"團體活動緊急通聯登錄\"","fullTitle":"看到可以進去的 \"團體活動緊急通聯登錄\"","timedOut":false,"duration":0,"speed":"fast","pass":true,"fail":false,"pending":false,"code":"","isRoot":false,"uuid":"ea7bbbc3-b8c7-4ab3-8fb3-daef2a325f2c","parentUUID":"c2a6bcc1-25e3-45d2-bfde-d17343a438d5","skipped":false,"isHook":false,"context":"[{\"title\":\"Session Id\",\"value\":\"39a67c5b32893bdb068f77804f07a431\"}]","state":"passed","err":{}},{"title":"一個分類\"問卷\" 和其底下一個功能 \"表單服務系統\"","fullTitle":"一個分類\"問卷\" 和其底下一個功能 \"表單服務系統\"","timedOut":false,"duration":0,"speed":"fast","pass":true,"fail":false,"pending":false,"code":"","isRoot":false,"uuid":"859c63f9-7501-4446-9412-b9b442e49b4f","parentUUID":"b9ae8539-79e5-474e-9ead-0a335e9b5a18","skipped":false,"isHook":false,"context":"[{\"title\":\"Session Id\",\"value\":\"39a67c5b32893bdb068f77804f07a431\"}]","state":"passed","err":{}},{"title":"點擊\"問卷\"","fullTitle":"點擊\"問卷\"","timedOut":false,"duration":0,"speed":"fast","pass":true,"fail":false,"pending":false,"code":"","isRoot":false,"uuid":"0f19d67c-1b35-4a2f-bf5e-aea4ff4aeec3","parentUUID":"b9ae8539-79e5-474e-9ead-0a335e9b5a18","skipped":false,"isHook":false,"context":"[{\"title\":\"Session Id\",\"value\":\"39a67c5b32893bdb068f77804f07a431\"}]","state":"passed","err":{}},{"title":"看到可以進去的 \"表單服務系統\"","fullTitle":"看到可以進去的 \"表單服務系統\"","timedOut":false,"duration":0,"speed":"fast","pass":true,"fail":false,"pending":false,"code":"","isRoot":false,"uuid":"0a5bcebf-d3f2-4e43-b9df-e71c7a9388a3","parentUUID":"b9ae8539-79e5-474e-9ead-0a335e9b5a18","skipped":false,"isHook":false,"context":"[{\"title\":\"Session Id\",\"value\":\"39a67c5b32893bdb068f77804f07a431\"}]","state":"passed","err":{}},{"title":"想要搜尋的校務功能 \"遺失物品查詢\"","fullTitle":"想要搜尋的校務功能 \"遺失物品查詢\"","timedOut":false,"duration":0,"speed":"fast","pass":true,"fail":false,"pending":false,"code":"","isRoot":false,"uuid":"cfa2e90d-abb0-44b2-9427-3355b8f0861f","parentUUID":"8e1411e1-4097-41d3-8979-b8414eee42c3","skipped":false,"isHook":false,"context":"[{\"title\":\"Session Id\",\"value\":\"e7fed76ff1bddc2fcad0b73712b3583a\"}]","state":"passed","err":{}},{"title":"在搜尋列輸入功能標題的隨機一小段","fullTitle":"在搜尋列輸入功能標題的隨機一小段","timedOut":false,"duration":0,"speed":"fast","pass":true,"fail":false,"pending":false,"code":"","isRoot":false,"uuid":"c5d535d7-f0f9-41f7-8fc0-476fbc65aa7d","parentUUID":"8e1411e1-4097-41d3-8979-b8414eee42c3","skipped":false,"isHook":false,"context":"[{\"title\":\"Session Id\",\"value\":\"e7fed76ff1bddc2fcad0b73712b3583a\"}]","state":"passed","err":{}},{"title":"出現該功能","fullTitle":"出現該功能","timedOut":false,"duration":0,"speed":"fast","pass":true,"fail":false,"pending":false,"code":"","isRoot":false,"uuid":"358dcc6c-3d8f-4907-b2c0-5e9fc057c08e","parentUUID":"8e1411e1-4097-41d3-8979-b8414eee42c3","skipped":false,"isHook":false,"context":"[{\"title\":\"Session Id\",\"value\":\"e7fed76ff1bddc2fcad0b73712b3583a\"}]","state":"passed","err":{}},{"title":"想要搜尋的校務功能 \"出國選課申請\"","fullTitle":"想要搜尋的校務功能 \"出國選課申請\"","timedOut":false,"duration":0,"speed":"fast","pass":true,"fail":false,"pending":false,"code":"","isRoot":false,"uuid":"7566767b-07fd-4bb7-95eb-e9035dd5195d","parentUUID":"fa68b262-c9e7-4715-a0c2-4d2f70060d88","skipped":false,"isHook":false,"context":"[{\"title\":\"Session Id\",\"value\":\"e7fed76ff1bddc2fcad0b73712b3583a\"}]","state":"passed","err":{}},{"title":"在搜尋列輸入功能標題的隨機一小段","fullTitle":"在搜尋列輸入功能標題的隨機一小段","timedOut":false,"duration":0,"speed":"fast","pass":true,"fail":false,"pending":false,"code":"","isRoot":false,"uuid":"8fcc879a-4ace-4983-bf4a-7391f267d661","parentUUID":"fa68b262-c9e7-4715-a0c2-4d2f70060d88","skipped":false,"isHook":false,"context":"[{\"title\":\"Session Id\",\"value\":\"e7fed76ff1bddc2fcad0b73712b3583a\"}]","state":"passed","err":{}},{"title":"出現該功能","fullTitle":"出現該功能","timedOut":false,"duration":0,"speed":"fast","pass":true,"fail":false,"pending":false,"code":"","isRoot":false,"uuid":"b2044383-d146-400d-8e3e-5ba8f397e5f7","parentUUID":"fa68b262-c9e7-4715-a0c2-4d2f70060d88","skipped":false,"isHook":false,"context":"[{\"title\":\"Session Id\",\"value\":\"e7fed76ff1bddc2fcad0b73712b3583a\"}]","state":"passed","err":{}},{"title":"想要搜尋的校務功能 \"社團/系級幹部\"","fullTitle":"想要搜尋的校務功能 \"社團/系級幹部\"","timedOut":false,"duration":0,"speed":"fast","pass":true,"fail":false,"pending":false,"code":"","isRoot":false,"uuid":"bb81f83d-3ab1-4764-9350-0d1029c4d641","parentUUID":"01560a55-9373-4e72-9a36-11d08242e5c0","skipped":false,"isHook":false,"context":"[{\"title\":\"Session Id\",\"value\":\"e7fed76ff1bddc2fcad0b73712b3583a\"}]","state":"passed","err":{}},{"title":"在搜尋列輸入功能標題的隨機一小段","fullTitle":"在搜尋列輸入功能標題的隨機一小段","timedOut":false,"duration":0,"speed":"fast","pass":true,"fail":false,"pending":false,"code":"","isRoot":false,"uuid":"8655e55a-a6cb-465d-adb8-bae38888ea87","parentUUID":"01560a55-9373-4e72-9a36-11d08242e5c0","skipped":false,"isHook":false,"context":"[{\"title\":\"Session Id\",\"value\":\"e7fed76ff1bddc2fcad0b73712b3583a\"}]","state":"passed","err":{}},{"title":"出現該功能","fullTitle":"出現該功能","timedOut":false,"duration":0,"speed":"fast","pass":true,"fail":false,"pending":false,"code":"","isRoot":false,"uuid":"019a5fec-8f73-4faa-81d0-fb97c383c25b","parentUUID":"01560a55-9373-4e72-9a36-11d08242e5c0","skipped":false,"isHook":false,"context":"[{\"title\":\"Session Id\",\"value\":\"e7fed76ff1bddc2fcad0b73712b3583a\"}]","state":"passed","err":{}}],"allFailures":[{"title":"系統使用記錄是淨空的","fullTitle":"系統使用記錄是淨空的","timedOut":false,"duration":0,"speed":"fast","pass":false,"fail":true,"pending":false,"code":"","isRoot":false,"uuid":"6dce22e2-8cf6-41bb-b1f8-7b391204c514","parentUUID":"4e2c64c5-0ebe-4060-9c65-bd3d7f2297af","skipped":false,"isHook":false,"context":"[{\"title\":\"Session Id\",\"value\":\"27626775f72be258fe8a00279613f96f\"}]","state":"failed","err":{"message":"clearHistory is not defined","estack":"ReferenceError: clearHistory is not defined\n    at World.<anonymous> (/home/shulie8518/Workspace/se_project/test/features/step-definitions/suggest-steps.js:10:5)\n    at new Promise (<anonymous>)\n    at new F (/home/shulie8518/Workspace/se_project/node_modules/core-js/library/modules/_export.js:36:28)","stack":"ReferenceError: clearHistory is not defined\n    at World.<anonymous> (/home/shulie8518/Workspace/se_project/test/features/step-definitions/suggest-steps.js:10:5)\n    at new Promise (<anonymous>)\n    at new F (/home/shulie8518/Workspace/se_project/node_modules/core-js/library/modules/_export.js:36:28)"}}],"copyrightYear":2018}